2025-02-21T09:00:14.675-03:00  WARN 23733 --- [LibraryApi - production] [restartedMain] trationDelegate$BeanPostProcessorChecker : Bean 'securityConfiguration' of type [io.github.lucasrbsouza.libraryapi.config.SecurityConfiguration$$SpringCGLIB$$0] is not eligible for getting processed by all BeanPostProcessors (for example: not eligible for auto-proxying). Is this bean getting eagerly injected into a currently created BeanPostProcessor [healthEndpointGroupsBeanPostProcessor]? Check the corresponding BeanPostProcessor declaration and its dependencies.
2025-02-21T09:00:14.685-03:00  WARN 23733 --- [LibraryApi - production] [restartedMain] trationDelegate$BeanPostProcessorChecker : Bean 'grantedAuthorityDefaults' of type [org.springframework.security.config.core.GrantedAuthorityDefaults] is not eligible for getting processed by all BeanPostProcessors (for example: not eligible for auto-proxying). Is this bean getting eagerly injected into a currently created BeanPostProcessor [healthEndpointGroupsBeanPostProcessor]? Check the corresponding BeanPostProcessor declaration and its dependencies.
2025-02-21T09:00:15.190-03:00  WARN 23733 --- [LibraryApi - production] [restartedMain] com.zaxxer.hikari.HikariConfig           : library-db-pool - idleTimeout is close to or more than maxLifetime, disabling it.
2025-02-21T09:00:17.011-03:00 DEBUG 23733 --- [LibraryApi - production] [restartedMain] o.s.w.f.ServerHttpObservationFilter      : Filter 'webMvcObservationFilter' configured for use
2025-02-21T09:00:17.697-03:00  WARN 23733 --- [LibraryApi - production] [restartedMain] JpaBaseConfiguration$JpaWebConfiguration : spring.jpa.open-in-view is enabled by default. Therefore, database queries may be performed during view rendering. Explicitly configure spring.jpa.open-in-view to disable this warning
2025-02-21T09:00:17.725-03:00  INFO 23733 --- [LibraryApi - production] [restartedMain] eAuthenticationProviderManagerConfigurer : Global AuthenticationManager configured with AuthenticationProvider bean with name customAuthenticationProvider
2025-02-21T09:00:17.863-03:00 DEBUG 23733 --- [LibraryApi - production] [restartedMain] s.w.s.m.m.a.RequestMappingHandlerMapping : 21 mappings in 'requestMappingHandlerMapping'
2025-02-21T09:00:17.885-03:00 DEBUG 23733 --- [LibraryApi - production] [restartedMain] o.s.w.s.handler.SimpleUrlHandlerMapping  : Patterns [/login] in 'viewControllerHandlerMapping'
2025-02-21T09:00:17.933-03:00 DEBUG 23733 --- [LibraryApi - production] [restartedMain] o.s.w.s.handler.SimpleUrlHandlerMapping  : Patterns [/swagger-ui*/*swagger-initializer.js, /swagger-ui*/**] in 'resourceHandlerMapping'
2025-02-21T09:00:18.877-03:00  WARN 23733 --- [LibraryApi - production] [restartedMain] o.s.s.c.a.web.builders.WebSecurity       : You are asking Spring Security to ignore Deferred [Mvc [pattern='/v2/api-docs/**'], Ant [pattern='/v2/api-docs/**']]. This is not recommended -- please use permitAll via HttpSecurity#authorizeHttpRequests instead.
2025-02-21T09:00:18.878-03:00  WARN 23733 --- [LibraryApi - production] [restartedMain] o.s.s.c.a.web.builders.WebSecurity       : You are asking Spring Security to ignore Deferred [Mvc [pattern='/v3/api-docs/**'], Ant [pattern='/v3/api-docs/**']]. This is not recommended -- please use permitAll via HttpSecurity#authorizeHttpRequests instead.
2025-02-21T09:00:18.878-03:00  WARN 23733 --- [LibraryApi - production] [restartedMain] o.s.s.c.a.web.builders.WebSecurity       : You are asking Spring Security to ignore Deferred [Mvc [pattern='/swagger-resources/**'], Ant [pattern='/swagger-resources/**']]. This is not recommended -- please use permitAll via HttpSecurity#authorizeHttpRequests instead.
2025-02-21T09:00:18.878-03:00  WARN 23733 --- [LibraryApi - production] [restartedMain] o.s.s.c.a.web.builders.WebSecurity       : You are asking Spring Security to ignore Deferred [Mvc [pattern='swagger-ui.html'], Ant [pattern='swagger-ui.html']]. This is not recommended -- please use permitAll via HttpSecurity#authorizeHttpRequests instead.
2025-02-21T09:00:18.878-03:00  WARN 23733 --- [LibraryApi - production] [restartedMain] o.s.s.c.a.web.builders.WebSecurity       : You are asking Spring Security to ignore Deferred [Mvc [pattern='swagger-ui/**'], Ant [pattern='swagger-ui/**']]. This is not recommended -- please use permitAll via HttpSecurity#authorizeHttpRequests instead.
2025-02-21T09:00:18.878-03:00  WARN 23733 --- [LibraryApi - production] [restartedMain] o.s.s.c.a.web.builders.WebSecurity       : You are asking Spring Security to ignore Deferred [Mvc [pattern='/webjars/**'], Ant [pattern='/webjars/**']]. This is not recommended -- please use permitAll via HttpSecurity#authorizeHttpRequests instead.
2025-02-21T09:00:18.878-03:00  WARN 23733 --- [LibraryApi - production] [restartedMain] o.s.s.c.a.web.builders.WebSecurity       : You are asking Spring Security to ignore Deferred [Mvc [pattern='/actuator/**'], Ant [pattern='/actuator/**']]. This is not recommended -- please use permitAll via HttpSecurity#authorizeHttpRequests instead.
2025-02-21T09:00:18.951-03:00 DEBUG 23733 --- [LibraryApi - production] [restartedMain] s.w.s.m.m.a.RequestMappingHandlerAdapter : ControllerAdvice beans: 0 @ModelAttribute, 0 @InitBinder, 1 RequestBodyAdvice, 1 ResponseBodyAdvice
2025-02-21T09:00:18.990-03:00 DEBUG 23733 --- [LibraryApi - production] [restartedMain] .m.m.a.ExceptionHandlerExceptionResolver : ControllerAdvice beans: 2 @ExceptionHandler, 1 ResponseBodyAdvice
2025-02-21T09:00:19.879-03:00 DEBUG 23733 --- [LibraryApi - production] [restartedMain] s.w.s.m.m.a.RequestMappingHandlerMapping : 1 mappings in 'requestMappingHandlerMapping'
2025-02-21T09:00:19.880-03:00 DEBUG 23733 --- [LibraryApi - production] [restartedMain] o.s.w.s.handler.SimpleUrlHandlerMapping  : Patterns [/login] in 'viewControllerHandlerMapping'
2025-02-21T09:00:19.885-03:00 DEBUG 23733 --- [LibraryApi - production] [restartedMain] o.s.w.s.handler.SimpleUrlHandlerMapping  : Patterns [/swagger-ui*/*swagger-initializer.js, /swagger-ui*/**] in 'resourceHandlerMapping'
2025-02-21T09:00:19.893-03:00 DEBUG 23733 --- [LibraryApi - production] [restartedMain] s.w.s.m.m.a.RequestMappingHandlerAdapter : ControllerAdvice beans: 0 @ModelAttribute, 0 @InitBinder, 1 RequestBodyAdvice, 1 ResponseBodyAdvice
2025-02-21T09:00:20.527-03:00  INFO 23733 --- [LibraryApi - production] [RMI TCP Connection(3)-127.0.0.1] o.s.web.servlet.DispatcherServlet        : Initializing Servlet 'dispatcherServlet'
2025-02-21T09:00:20.527-03:00 DEBUG 23733 --- [LibraryApi - production] [RMI TCP Connection(3)-127.0.0.1] o.s.web.servlet.DispatcherServlet        : Detected StandardServletMultipartResolver
2025-02-21T09:00:20.527-03:00 DEBUG 23733 --- [LibraryApi - production] [RMI TCP Connection(3)-127.0.0.1] o.s.web.servlet.DispatcherServlet        : Detected AcceptHeaderLocaleResolver
2025-02-21T09:00:20.527-03:00 DEBUG 23733 --- [LibraryApi - production] [RMI TCP Connection(3)-127.0.0.1] o.s.web.servlet.DispatcherServlet        : Detected FixedThemeResolver
2025-02-21T09:00:20.530-03:00 DEBUG 23733 --- [LibraryApi - production] [RMI TCP Connection(3)-127.0.0.1] o.s.web.servlet.DispatcherServlet        : Detected org.springframework.web.servlet.view.DefaultRequestToViewNameTranslator@6aae2aea
2025-02-21T09:00:20.534-03:00 DEBUG 23733 --- [LibraryApi - production] [RMI TCP Connection(3)-127.0.0.1] o.s.web.servlet.DispatcherServlet        : Detected org.springframework.web.servlet.support.SessionFlashMapManager@212c0f5b
2025-02-21T09:00:20.534-03:00 DEBUG 23733 --- [LibraryApi - production] [RMI TCP Connection(3)-127.0.0.1] o.s.web.servlet.DispatcherServlet        : enableLoggingRequestDetails='false': request parameters and headers will be masked to prevent unsafe logging of potentially sensitive data
2025-02-21T09:00:20.534-03:00  INFO 23733 --- [LibraryApi - production] [RMI TCP Connection(3)-127.0.0.1] o.s.web.servlet.DispatcherServlet        : Completed initialization in 7 ms
2025-02-21T09:01:04.043-03:00  WARN 24021 --- [LibraryApi - production] [restartedMain] trationDelegate$BeanPostProcessorChecker : Bean 'securityConfiguration' of type [io.github.lucasrbsouza.libraryapi.config.SecurityConfiguration$$SpringCGLIB$$0] is not eligible for getting processed by all BeanPostProcessors (for example: not eligible for auto-proxying). Is this bean getting eagerly injected into a currently created BeanPostProcessor [healthEndpointGroupsBeanPostProcessor]? Check the corresponding BeanPostProcessor declaration and its dependencies.
2025-02-21T09:01:04.051-03:00  WARN 24021 --- [LibraryApi - production] [restartedMain] trationDelegate$BeanPostProcessorChecker : Bean 'grantedAuthorityDefaults' of type [org.springframework.security.config.core.GrantedAuthorityDefaults] is not eligible for getting processed by all BeanPostProcessors (for example: not eligible for auto-proxying). Is this bean getting eagerly injected into a currently created BeanPostProcessor [healthEndpointGroupsBeanPostProcessor]? Check the corresponding BeanPostProcessor declaration and its dependencies.
2025-02-21T09:01:04.603-03:00  WARN 24021 --- [LibraryApi - production] [restartedMain] com.zaxxer.hikari.HikariConfig           : library-db-pool - idleTimeout is close to or more than maxLifetime, disabling it.
2025-02-21T09:01:06.644-03:00 DEBUG 24021 --- [LibraryApi - production] [restartedMain] o.s.w.f.ServerHttpObservationFilter      : Filter 'webMvcObservationFilter' configured for use
2025-02-21T09:01:07.315-03:00  WARN 24021 --- [LibraryApi - production] [restartedMain] JpaBaseConfiguration$JpaWebConfiguration : spring.jpa.open-in-view is enabled by default. Therefore, database queries may be performed during view rendering. Explicitly configure spring.jpa.open-in-view to disable this warning
2025-02-21T09:01:07.345-03:00  INFO 24021 --- [LibraryApi - production] [restartedMain] eAuthenticationProviderManagerConfigurer : Global AuthenticationManager configured with AuthenticationProvider bean with name customAuthenticationProvider
2025-02-21T09:01:07.470-03:00 DEBUG 24021 --- [LibraryApi - production] [restartedMain] s.w.s.m.m.a.RequestMappingHandlerMapping : 21 mappings in 'requestMappingHandlerMapping'
2025-02-21T09:01:07.491-03:00 DEBUG 24021 --- [LibraryApi - production] [restartedMain] o.s.w.s.handler.SimpleUrlHandlerMapping  : Patterns [/login] in 'viewControllerHandlerMapping'
2025-02-21T09:01:07.534-03:00 DEBUG 24021 --- [LibraryApi - production] [restartedMain] o.s.w.s.handler.SimpleUrlHandlerMapping  : Patterns [/swagger-ui*/*swagger-initializer.js, /swagger-ui*/**] in 'resourceHandlerMapping'
2025-02-21T09:01:09.030-03:00  WARN 24021 --- [LibraryApi - production] [restartedMain] o.s.s.c.a.web.builders.WebSecurity       : You are asking Spring Security to ignore Deferred [Mvc [pattern='/v2/api-docs/**'], Ant [pattern='/v2/api-docs/**']]. This is not recommended -- please use permitAll via HttpSecurity#authorizeHttpRequests instead.
2025-02-21T09:01:09.031-03:00  WARN 24021 --- [LibraryApi - production] [restartedMain] o.s.s.c.a.web.builders.WebSecurity       : You are asking Spring Security to ignore Deferred [Mvc [pattern='/v3/api-docs/**'], Ant [pattern='/v3/api-docs/**']]. This is not recommended -- please use permitAll via HttpSecurity#authorizeHttpRequests instead.
2025-02-21T09:01:09.031-03:00  WARN 24021 --- [LibraryApi - production] [restartedMain] o.s.s.c.a.web.builders.WebSecurity       : You are asking Spring Security to ignore Deferred [Mvc [pattern='/swagger-resources/**'], Ant [pattern='/swagger-resources/**']]. This is not recommended -- please use permitAll via HttpSecurity#authorizeHttpRequests instead.
2025-02-21T09:01:09.031-03:00  WARN 24021 --- [LibraryApi - production] [restartedMain] o.s.s.c.a.web.builders.WebSecurity       : You are asking Spring Security to ignore Deferred [Mvc [pattern='swagger-ui.html'], Ant [pattern='swagger-ui.html']]. This is not recommended -- please use permitAll via HttpSecurity#authorizeHttpRequests instead.
2025-02-21T09:01:09.031-03:00  WARN 24021 --- [LibraryApi - production] [restartedMain] o.s.s.c.a.web.builders.WebSecurity       : You are asking Spring Security to ignore Deferred [Mvc [pattern='swagger-ui/**'], Ant [pattern='swagger-ui/**']]. This is not recommended -- please use permitAll via HttpSecurity#authorizeHttpRequests instead.
2025-02-21T09:01:09.031-03:00  WARN 24021 --- [LibraryApi - production] [restartedMain] o.s.s.c.a.web.builders.WebSecurity       : You are asking Spring Security to ignore Deferred [Mvc [pattern='/webjars/**'], Ant [pattern='/webjars/**']]. This is not recommended -- please use permitAll via HttpSecurity#authorizeHttpRequests instead.
2025-02-21T09:01:09.031-03:00  WARN 24021 --- [LibraryApi - production] [restartedMain] o.s.s.c.a.web.builders.WebSecurity       : You are asking Spring Security to ignore Deferred [Mvc [pattern='/actuator/**'], Ant [pattern='/actuator/**']]. This is not recommended -- please use permitAll via HttpSecurity#authorizeHttpRequests instead.
2025-02-21T09:01:09.102-03:00 DEBUG 24021 --- [LibraryApi - production] [restartedMain] s.w.s.m.m.a.RequestMappingHandlerAdapter : ControllerAdvice beans: 0 @ModelAttribute, 0 @InitBinder, 1 RequestBodyAdvice, 1 ResponseBodyAdvice
2025-02-21T09:01:09.143-03:00 DEBUG 24021 --- [LibraryApi - production] [restartedMain] .m.m.a.ExceptionHandlerExceptionResolver : ControllerAdvice beans: 2 @ExceptionHandler, 1 ResponseBodyAdvice
2025-02-21T09:01:09.949-03:00 DEBUG 24021 --- [LibraryApi - production] [restartedMain] s.w.s.m.m.a.RequestMappingHandlerMapping : 1 mappings in 'requestMappingHandlerMapping'
2025-02-21T09:01:09.950-03:00 DEBUG 24021 --- [LibraryApi - production] [restartedMain] o.s.w.s.handler.SimpleUrlHandlerMapping  : Patterns [/login] in 'viewControllerHandlerMapping'
2025-02-21T09:01:09.955-03:00 DEBUG 24021 --- [LibraryApi - production] [restartedMain] o.s.w.s.handler.SimpleUrlHandlerMapping  : Patterns [/swagger-ui*/*swagger-initializer.js, /swagger-ui*/**] in 'resourceHandlerMapping'
2025-02-21T09:01:09.965-03:00 DEBUG 24021 --- [LibraryApi - production] [restartedMain] s.w.s.m.m.a.RequestMappingHandlerAdapter : ControllerAdvice beans: 0 @ModelAttribute, 0 @InitBinder, 1 RequestBodyAdvice, 1 ResponseBodyAdvice
2025-02-21T09:01:10.327-03:00  INFO 24021 --- [LibraryApi - production] [RMI TCP Connection(3)-127.0.0.1] o.s.web.servlet.DispatcherServlet        : Initializing Servlet 'dispatcherServlet'
2025-02-21T09:01:10.328-03:00 DEBUG 24021 --- [LibraryApi - production] [RMI TCP Connection(3)-127.0.0.1] o.s.web.servlet.DispatcherServlet        : Detected StandardServletMultipartResolver
2025-02-21T09:01:10.328-03:00 DEBUG 24021 --- [LibraryApi - production] [RMI TCP Connection(3)-127.0.0.1] o.s.web.servlet.DispatcherServlet        : Detected AcceptHeaderLocaleResolver
2025-02-21T09:01:10.331-03:00 DEBUG 24021 --- [LibraryApi - production] [RMI TCP Connection(3)-127.0.0.1] o.s.web.servlet.DispatcherServlet        : Detected FixedThemeResolver
2025-02-21T09:01:10.340-03:00 DEBUG 24021 --- [LibraryApi - production] [RMI TCP Connection(3)-127.0.0.1] o.s.web.servlet.DispatcherServlet        : Detected org.springframework.web.servlet.view.DefaultRequestToViewNameTranslator@7faea3e9
2025-02-21T09:01:10.343-03:00 DEBUG 24021 --- [LibraryApi - production] [RMI TCP Connection(3)-127.0.0.1] o.s.web.servlet.DispatcherServlet        : Detected org.springframework.web.servlet.support.SessionFlashMapManager@48a944a8
2025-02-21T09:01:10.349-03:00 DEBUG 24021 --- [LibraryApi - production] [RMI TCP Connection(3)-127.0.0.1] o.s.web.servlet.DispatcherServlet        : enableLoggingRequestDetails='false': request parameters and headers will be masked to prevent unsafe logging of potentially sensitive data
2025-02-21T09:01:10.350-03:00  INFO 24021 --- [LibraryApi - production] [RMI TCP Connection(3)-127.0.0.1] o.s.web.servlet.DispatcherServlet        : Completed initialization in 22 ms
2025-02-21T09:02:24.740-03:00  INFO 24246 --- [LibraryApi - production] [restartedMain] i.g.lucasrbsouza.libraryapi.Application  : Starting Application using Java 17.0.14 with PID 24246 (/home/lucas-souza/Documentos/Cursos/Udemy/java/springboot_douglasmallen/LibraryApi/target/classes started by lucas-souza in /home/lucas-souza/Documentos/Cursos/Udemy/java/springboot_douglasmallen/LibraryApi)
2025-02-21T09:02:24.742-03:00  INFO 24246 --- [LibraryApi - production] [restartedMain] i.g.lucasrbsouza.libraryapi.Application  : The following 1 profile is active: "production"
2025-02-21T09:02:24.794-03:00  INFO 24246 --- [LibraryApi - production] [restartedMain] .e.DevToolsPropertyDefaultsPostProcessor : Devtools property defaults active! Set 'spring.devtools.add-properties' to 'false' to disable
2025-02-21T09:02:24.795-03:00  INFO 24246 --- [LibraryApi - production] [restartedMain] .e.DevToolsPropertyDefaultsPostProcessor : For additional web related logging consider setting the 'logging.level.web' property to 'DEBUG'
2025-02-21T09:02:25.912-03:00  INFO 24246 --- [LibraryApi - production] [restartedMain] .s.d.r.c.RepositoryConfigurationDelegate : Bootstrapping Spring Data JPA repositories in DEFAULT mode.
2025-02-21T09:02:25.962-03:00  INFO 24246 --- [LibraryApi - production] [restartedMain] .s.d.r.c.RepositoryConfigurationDelegate : Finished Spring Data repository scanning in 44 ms. Found 4 JPA repository interfaces.
2025-02-21T09:02:26.388-03:00  WARN 24246 --- [LibraryApi - production] [restartedMain] trationDelegate$BeanPostProcessorChecker : Bean 'securityConfiguration' of type [io.github.lucasrbsouza.libraryapi.config.SecurityConfiguration$$SpringCGLIB$$0] is not eligible for getting processed by all BeanPostProcessors (for example: not eligible for auto-proxying). Is this bean getting eagerly injected into a currently created BeanPostProcessor [healthEndpointGroupsBeanPostProcessor]? Check the corresponding BeanPostProcessor declaration and its dependencies.
2025-02-21T09:02:26.394-03:00  WARN 24246 --- [LibraryApi - production] [restartedMain] trationDelegate$BeanPostProcessorChecker : Bean 'grantedAuthorityDefaults' of type [org.springframework.security.config.core.GrantedAuthorityDefaults] is not eligible for getting processed by all BeanPostProcessors (for example: not eligible for auto-proxying). Is this bean getting eagerly injected into a currently created BeanPostProcessor [healthEndpointGroupsBeanPostProcessor]? Check the corresponding BeanPostProcessor declaration and its dependencies.
2025-02-21T09:02:26.682-03:00  INFO 24246 --- [LibraryApi - production] [restartedMain] o.s.b.w.embedded.tomcat.TomcatWebServer  : Tomcat initialized with port 8080 (http)
2025-02-21T09:02:26.691-03:00  INFO 24246 --- [LibraryApi - production] [restartedMain] o.apache.catalina.core.StandardService   : Starting service [Tomcat]
2025-02-21T09:02:26.692-03:00  INFO 24246 --- [LibraryApi - production] [restartedMain] o.apache.catalina.core.StandardEngine    : Starting Servlet engine: [Apache Tomcat/10.1.26]
2025-02-21T09:02:26.727-03:00  INFO 24246 --- [LibraryApi - production] [restartedMain] o.a.c.c.C.[Tomcat].[localhost].[/]       : Initializing Spring embedded WebApplicationContext
2025-02-21T09:02:26.727-03:00  INFO 24246 --- [LibraryApi - production] [restartedMain] w.s.c.ServletWebServerApplicationContext : Root WebApplicationContext: initialization completed in 1931 ms
2025-02-21T09:02:26.831-03:00  WARN 24246 --- [LibraryApi - production] [restartedMain] com.zaxxer.hikari.HikariConfig           : library-db-pool - idleTimeout is close to or more than maxLifetime, disabling it.
2025-02-21T09:02:26.833-03:00  INFO 24246 --- [LibraryApi - production] [restartedMain] com.zaxxer.hikari.HikariDataSource       : library-db-pool - Starting...
2025-02-21T09:02:26.945-03:00  INFO 24246 --- [LibraryApi - production] [restartedMain] com.zaxxer.hikari.pool.HikariPool        : library-db-pool - Added connection org.postgresql.jdbc.PgConnection@2b1f18e2
2025-02-21T09:02:26.947-03:00  INFO 24246 --- [LibraryApi - production] [restartedMain] com.zaxxer.hikari.HikariDataSource       : library-db-pool - Start completed.
2025-02-21T09:02:26.966-03:00  INFO 24246 --- [LibraryApi - production] [restartedMain] o.s.b.a.h2.H2ConsoleAutoConfiguration    : H2 console available at '/h2-console'. Database available at 'jdbc:postgresql://localhost:5432/library'
2025-02-21T09:02:27.076-03:00  INFO 24246 --- [LibraryApi - production] [restartedMain] o.hibernate.jpa.internal.util.LogHelper  : HHH000204: Processing PersistenceUnitInfo [name: default]
2025-02-21T09:02:27.119-03:00  INFO 24246 --- [LibraryApi - production] [restartedMain] org.hibernate.Version                    : HHH000412: Hibernate ORM core version 6.5.2.Final
2025-02-21T09:02:27.145-03:00  INFO 24246 --- [LibraryApi - production] [restartedMain] o.h.c.internal.RegionFactoryInitiator    : HHH000026: Second-level cache disabled
2025-02-21T09:02:27.434-03:00  INFO 24246 --- [LibraryApi - production] [restartedMain] o.s.o.j.p.SpringPersistenceUnitInfo      : No LoadTimeWeaver setup: ignoring JPA class transformer
2025-02-21T09:02:28.334-03:00  INFO 24246 --- [LibraryApi - production] [restartedMain] o.h.e.t.j.p.i.JtaPlatformInitiator       : HHH000489: No JTA platform available (set 'hibernate.transaction.jta.platform' to enable JTA platform integration)
2025-02-21T09:02:28.337-03:00  INFO 24246 --- [LibraryApi - production] [restartedMain] j.LocalContainerEntityManagerFactoryBean : Initialized JPA EntityManagerFactory for persistence unit 'default'
2025-02-21T09:02:28.725-03:00 DEBUG 24246 --- [LibraryApi - production] [restartedMain] o.s.w.f.ServerHttpObservationFilter      : Filter 'webMvcObservationFilter' configured for use
2025-02-21T09:02:28.831-03:00  INFO 24246 --- [LibraryApi - production] [restartedMain] o.s.d.j.r.query.QueryEnhancerFactory     : Hibernate is in classpath; If applicable, HQL parser will be used.
2025-02-21T09:02:29.465-03:00  WARN 24246 --- [LibraryApi - production] [restartedMain] JpaBaseConfiguration$JpaWebConfiguration : spring.jpa.open-in-view is enabled by default. Therefore, database queries may be performed during view rendering. Explicitly configure spring.jpa.open-in-view to disable this warning
2025-02-21T09:02:29.493-03:00  INFO 24246 --- [LibraryApi - production] [restartedMain] eAuthenticationProviderManagerConfigurer : Global AuthenticationManager configured with AuthenticationProvider bean with name customAuthenticationProvider
2025-02-21T09:02:29.640-03:00 DEBUG 24246 --- [LibraryApi - production] [restartedMain] s.w.s.m.m.a.RequestMappingHandlerMapping : 21 mappings in 'requestMappingHandlerMapping'
2025-02-21T09:02:29.664-03:00 DEBUG 24246 --- [LibraryApi - production] [restartedMain] o.s.w.s.handler.SimpleUrlHandlerMapping  : Patterns [/login] in 'viewControllerHandlerMapping'
2025-02-21T09:02:29.723-03:00 DEBUG 24246 --- [LibraryApi - production] [restartedMain] o.s.w.s.handler.SimpleUrlHandlerMapping  : Patterns [/swagger-ui*/*swagger-initializer.js, /swagger-ui*/**] in 'resourceHandlerMapping'
2025-02-21T09:02:30.972-03:00  WARN 24246 --- [LibraryApi - production] [restartedMain] o.s.s.c.a.web.builders.WebSecurity       : You are asking Spring Security to ignore Deferred [Mvc [pattern='/v2/api-docs/**'], Ant [pattern='/v2/api-docs/**']]. This is not recommended -- please use permitAll via HttpSecurity#authorizeHttpRequests instead.
2025-02-21T09:02:30.973-03:00  WARN 24246 --- [LibraryApi - production] [restartedMain] o.s.s.c.a.web.builders.WebSecurity       : You are asking Spring Security to ignore Deferred [Mvc [pattern='/v3/api-docs/**'], Ant [pattern='/v3/api-docs/**']]. This is not recommended -- please use permitAll via HttpSecurity#authorizeHttpRequests instead.
2025-02-21T09:02:30.974-03:00  WARN 24246 --- [LibraryApi - production] [restartedMain] o.s.s.c.a.web.builders.WebSecurity       : You are asking Spring Security to ignore Deferred [Mvc [pattern='/swagger-resources/**'], Ant [pattern='/swagger-resources/**']]. This is not recommended -- please use permitAll via HttpSecurity#authorizeHttpRequests instead.
2025-02-21T09:02:30.974-03:00  WARN 24246 --- [LibraryApi - production] [restartedMain] o.s.s.c.a.web.builders.WebSecurity       : You are asking Spring Security to ignore Deferred [Mvc [pattern='swagger-ui.html'], Ant [pattern='swagger-ui.html']]. This is not recommended -- please use permitAll via HttpSecurity#authorizeHttpRequests instead.
2025-02-21T09:02:30.974-03:00  WARN 24246 --- [LibraryApi - production] [restartedMain] o.s.s.c.a.web.builders.WebSecurity       : You are asking Spring Security to ignore Deferred [Mvc [pattern='swagger-ui/**'], Ant [pattern='swagger-ui/**']]. This is not recommended -- please use permitAll via HttpSecurity#authorizeHttpRequests instead.
2025-02-21T09:02:30.974-03:00  WARN 24246 --- [LibraryApi - production] [restartedMain] o.s.s.c.a.web.builders.WebSecurity       : You are asking Spring Security to ignore Deferred [Mvc [pattern='/webjars/**'], Ant [pattern='/webjars/**']]. This is not recommended -- please use permitAll via HttpSecurity#authorizeHttpRequests instead.
2025-02-21T09:02:30.974-03:00  WARN 24246 --- [LibraryApi - production] [restartedMain] o.s.s.c.a.web.builders.WebSecurity       : You are asking Spring Security to ignore Deferred [Mvc [pattern='/actuator/**'], Ant [pattern='/actuator/**']]. This is not recommended -- please use permitAll via HttpSecurity#authorizeHttpRequests instead.
2025-02-21T09:02:31.057-03:00 DEBUG 24246 --- [LibraryApi - production] [restartedMain] s.w.s.m.m.a.RequestMappingHandlerAdapter : ControllerAdvice beans: 0 @ModelAttribute, 0 @InitBinder, 1 RequestBodyAdvice, 1 ResponseBodyAdvice
2025-02-21T09:02:31.099-03:00 DEBUG 24246 --- [LibraryApi - production] [restartedMain] .m.m.a.ExceptionHandlerExceptionResolver : ControllerAdvice beans: 2 @ExceptionHandler, 1 ResponseBodyAdvice
2025-02-21T09:02:31.885-03:00  INFO 24246 --- [LibraryApi - production] [restartedMain] o.s.b.d.a.OptionalLiveReloadServer       : LiveReload server is running on port 35729
2025-02-21T09:02:31.987-03:00  INFO 24246 --- [LibraryApi - production] [restartedMain] o.s.b.w.embedded.tomcat.TomcatWebServer  : Tomcat started on port 8080 (http) with context path '/'
2025-02-21T09:02:32.057-03:00  INFO 24246 --- [LibraryApi - production] [restartedMain] o.s.b.w.embedded.tomcat.TomcatWebServer  : Tomcat initialized with port 8090 (http)
2025-02-21T09:02:32.057-03:00  INFO 24246 --- [LibraryApi - production] [restartedMain] o.apache.catalina.core.StandardService   : Starting service [Tomcat]
2025-02-21T09:02:32.058-03:00  INFO 24246 --- [LibraryApi - production] [restartedMain] o.apache.catalina.core.StandardEngine    : Starting Servlet engine: [Apache Tomcat/10.1.26]
2025-02-21T09:02:32.067-03:00  INFO 24246 --- [LibraryApi - production] [restartedMain] o.a.c.c.C.[Tomcat-1].[localhost].[/]     : Initializing Spring embedded WebApplicationContext
2025-02-21T09:02:32.067-03:00  INFO 24246 --- [LibraryApi - production] [restartedMain] w.s.c.ServletWebServerApplicationContext : Root WebApplicationContext: initialization completed in 76 ms
2025-02-21T09:02:32.080-03:00  INFO 24246 --- [LibraryApi - production] [restartedMain] o.s.b.a.e.web.EndpointLinksResolver      : Exposing 15 endpoints beneath base path '/actuator'
2025-02-21T09:02:32.107-03:00 DEBUG 24246 --- [LibraryApi - production] [restartedMain] s.w.s.m.m.a.RequestMappingHandlerMapping : 1 mappings in 'requestMappingHandlerMapping'
2025-02-21T09:02:32.110-03:00 DEBUG 24246 --- [LibraryApi - production] [restartedMain] o.s.w.s.handler.SimpleUrlHandlerMapping  : Patterns [/login] in 'viewControllerHandlerMapping'
2025-02-21T09:02:32.118-03:00 DEBUG 24246 --- [LibraryApi - production] [restartedMain] o.s.w.s.handler.SimpleUrlHandlerMapping  : Patterns [/swagger-ui*/*swagger-initializer.js, /swagger-ui*/**] in 'resourceHandlerMapping'
2025-02-21T09:02:32.133-03:00 DEBUG 24246 --- [LibraryApi - production] [restartedMain] s.w.s.m.m.a.RequestMappingHandlerAdapter : ControllerAdvice beans: 0 @ModelAttribute, 0 @InitBinder, 1 RequestBodyAdvice, 1 ResponseBodyAdvice
2025-02-21T09:02:32.143-03:00  INFO 24246 --- [LibraryApi - production] [restartedMain] o.s.b.w.embedded.tomcat.TomcatWebServer  : Tomcat started on port 8090 (http) with context path '/'
2025-02-21T09:02:32.169-03:00  INFO 24246 --- [LibraryApi - production] [restartedMain] i.g.lucasrbsouza.libraryapi.Application  : Started Application in 7.974 seconds (process running for 8.759)
2025-02-21T09:02:32.371-03:00  INFO 24246 --- [LibraryApi - production] [RMI TCP Connection(2)-127.0.0.1] o.a.c.c.C.[Tomcat].[localhost].[/]       : Initializing Spring DispatcherServlet 'dispatcherServlet'
2025-02-21T09:02:32.371-03:00  INFO 24246 --- [LibraryApi - production] [RMI TCP Connection(2)-127.0.0.1] o.s.web.servlet.DispatcherServlet        : Initializing Servlet 'dispatcherServlet'
2025-02-21T09:02:32.371-03:00 DEBUG 24246 --- [LibraryApi - production] [RMI TCP Connection(2)-127.0.0.1] o.s.web.servlet.DispatcherServlet        : Detected StandardServletMultipartResolver
2025-02-21T09:02:32.372-03:00 DEBUG 24246 --- [LibraryApi - production] [RMI TCP Connection(2)-127.0.0.1] o.s.web.servlet.DispatcherServlet        : Detected AcceptHeaderLocaleResolver
2025-02-21T09:02:32.372-03:00 DEBUG 24246 --- [LibraryApi - production] [RMI TCP Connection(2)-127.0.0.1] o.s.web.servlet.DispatcherServlet        : Detected FixedThemeResolver
2025-02-21T09:02:32.374-03:00 DEBUG 24246 --- [LibraryApi - production] [RMI TCP Connection(2)-127.0.0.1] o.s.web.servlet.DispatcherServlet        : Detected org.springframework.web.servlet.view.DefaultRequestToViewNameTranslator@55d58e20
2025-02-21T09:02:32.375-03:00 DEBUG 24246 --- [LibraryApi - production] [RMI TCP Connection(2)-127.0.0.1] o.s.web.servlet.DispatcherServlet        : Detected org.springframework.web.servlet.support.SessionFlashMapManager@1b12ce77
2025-02-21T09:02:32.376-03:00 DEBUG 24246 --- [LibraryApi - production] [RMI TCP Connection(2)-127.0.0.1] o.s.web.servlet.DispatcherServlet        : enableLoggingRequestDetails='false': request parameters and headers will be masked to prevent unsafe logging of potentially sensitive data
2025-02-21T09:02:32.376-03:00  INFO 24246 --- [LibraryApi - production] [RMI TCP Connection(2)-127.0.0.1] o.s.web.servlet.DispatcherServlet        : Completed initialization in 5 ms
2025-02-21T09:02:46.442-03:00  INFO 24246 --- [LibraryApi - production] [SpringApplicationShutdownHook] j.LocalContainerEntityManagerFactoryBean : Closing JPA EntityManagerFactory for persistence unit 'default'
2025-02-21T09:02:46.444-03:00  INFO 24246 --- [LibraryApi - production] [SpringApplicationShutdownHook] com.zaxxer.hikari.HikariDataSource       : library-db-pool - Shutdown initiated...
2025-02-21T09:02:46.447-03:00  INFO 24246 --- [LibraryApi - production] [SpringApplicationShutdownHook] com.zaxxer.hikari.HikariDataSource       : library-db-pool - Shutdown completed.
2025-02-21T09:09:19.021-03:00  INFO 24825 --- [LibraryApi] [restartedMain] i.g.lucasrbsouza.libraryapi.Application  : Starting Application using Java 17.0.14 with PID 24825 (/home/lucas-souza/Documentos/Cursos/Udemy/java/springboot_douglasmallen/LibraryApi/target/classes started by lucas-souza in /home/lucas-souza/Documentos/Cursos/Udemy/java/springboot_douglasmallen/LibraryApi)
2025-02-21T09:09:19.023-03:00  INFO 24825 --- [LibraryApi] [restartedMain] i.g.lucasrbsouza.libraryapi.Application  : The following 1 profile is active: "production"
2025-02-21T09:09:19.092-03:00  INFO 24825 --- [LibraryApi] [restartedMain] .e.DevToolsPropertyDefaultsPostProcessor : Devtools property defaults active! Set 'spring.devtools.add-properties' to 'false' to disable
2025-02-21T09:09:19.094-03:00  INFO 24825 --- [LibraryApi] [restartedMain] .e.DevToolsPropertyDefaultsPostProcessor : For additional web related logging consider setting the 'logging.level.web' property to 'DEBUG'
2025-02-21T09:09:20.174-03:00  INFO 24825 --- [LibraryApi] [restartedMain] .s.d.r.c.RepositoryConfigurationDelegate : Bootstrapping Spring Data JPA repositories in DEFAULT mode.
2025-02-21T09:09:20.229-03:00  INFO 24825 --- [LibraryApi] [restartedMain] .s.d.r.c.RepositoryConfigurationDelegate : Finished Spring Data repository scanning in 49 ms. Found 4 JPA repository interfaces.
2025-02-21T09:09:20.644-03:00  WARN 24825 --- [LibraryApi] [restartedMain] trationDelegate$BeanPostProcessorChecker : Bean 'securityConfiguration' of type [io.github.lucasrbsouza.libraryapi.config.SecurityConfiguration$$SpringCGLIB$$0] is not eligible for getting processed by all BeanPostProcessors (for example: not eligible for auto-proxying). Is this bean getting eagerly injected into a currently created BeanPostProcessor [healthEndpointGroupsBeanPostProcessor]? Check the corresponding BeanPostProcessor declaration and its dependencies.
2025-02-21T09:09:20.649-03:00  WARN 24825 --- [LibraryApi] [restartedMain] trationDelegate$BeanPostProcessorChecker : Bean 'grantedAuthorityDefaults' of type [org.springframework.security.config.core.GrantedAuthorityDefaults] is not eligible for getting processed by all BeanPostProcessors (for example: not eligible for auto-proxying). Is this bean getting eagerly injected into a currently created BeanPostProcessor [healthEndpointGroupsBeanPostProcessor]? Check the corresponding BeanPostProcessor declaration and its dependencies.
2025-02-21T09:09:20.935-03:00  INFO 24825 --- [LibraryApi] [restartedMain] o.s.b.w.embedded.tomcat.TomcatWebServer  : Tomcat initialized with port 8080 (http)
2025-02-21T09:09:20.944-03:00  INFO 24825 --- [LibraryApi] [restartedMain] o.apache.catalina.core.StandardService   : Starting service [Tomcat]
2025-02-21T09:09:20.944-03:00  INFO 24825 --- [LibraryApi] [restartedMain] o.apache.catalina.core.StandardEngine    : Starting Servlet engine: [Apache Tomcat/10.1.26]
2025-02-21T09:09:20.980-03:00  INFO 24825 --- [LibraryApi] [restartedMain] o.a.c.c.C.[Tomcat].[localhost].[/]       : Initializing Spring embedded WebApplicationContext
2025-02-21T09:09:20.980-03:00  INFO 24825 --- [LibraryApi] [restartedMain] w.s.c.ServletWebServerApplicationContext : Root WebApplicationContext: initialization completed in 1886 ms
2025-02-21T09:09:21.084-03:00  WARN 24825 --- [LibraryApi] [restartedMain] com.zaxxer.hikari.HikariConfig           : library-db-pool - idleTimeout is close to or more than maxLifetime, disabling it.
2025-02-21T09:09:21.086-03:00  INFO 24825 --- [LibraryApi] [restartedMain] com.zaxxer.hikari.HikariDataSource       : library-db-pool - Starting...
2025-02-21T09:09:21.187-03:00  INFO 24825 --- [LibraryApi] [restartedMain] com.zaxxer.hikari.pool.HikariPool        : library-db-pool - Added connection org.postgresql.jdbc.PgConnection@2b8e05a2
2025-02-21T09:09:21.189-03:00  INFO 24825 --- [LibraryApi] [restartedMain] com.zaxxer.hikari.HikariDataSource       : library-db-pool - Start completed.
2025-02-21T09:09:21.210-03:00  INFO 24825 --- [LibraryApi] [restartedMain] o.s.b.a.h2.H2ConsoleAutoConfiguration    : H2 console available at '/h2-console'. Database available at 'jdbc:postgresql://localhost:5432/library'
2025-02-21T09:09:21.319-03:00  INFO 24825 --- [LibraryApi] [restartedMain] o.hibernate.jpa.internal.util.LogHelper  : HHH000204: Processing PersistenceUnitInfo [name: default]
2025-02-21T09:09:21.361-03:00  INFO 24825 --- [LibraryApi] [restartedMain] org.hibernate.Version                    : HHH000412: Hibernate ORM core version 6.5.2.Final
2025-02-21T09:09:21.385-03:00  INFO 24825 --- [LibraryApi] [restartedMain] o.h.c.internal.RegionFactoryInitiator    : HHH000026: Second-level cache disabled
2025-02-21T09:09:21.749-03:00  INFO 24825 --- [LibraryApi] [restartedMain] o.s.o.j.p.SpringPersistenceUnitInfo      : No LoadTimeWeaver setup: ignoring JPA class transformer
2025-02-21T09:09:22.599-03:00  INFO 24825 --- [LibraryApi] [restartedMain] o.h.e.t.j.p.i.JtaPlatformInitiator       : HHH000489: No JTA platform available (set 'hibernate.transaction.jta.platform' to enable JTA platform integration)
2025-02-21T09:09:22.602-03:00  INFO 24825 --- [LibraryApi] [restartedMain] j.LocalContainerEntityManagerFactoryBean : Initialized JPA EntityManagerFactory for persistence unit 'default'
2025-02-21T09:09:22.925-03:00 DEBUG 24825 --- [LibraryApi] [restartedMain] o.s.w.f.ServerHttpObservationFilter      : Filter 'webMvcObservationFilter' configured for use
2025-02-21T09:09:23.015-03:00  INFO 24825 --- [LibraryApi] [restartedMain] o.s.d.j.r.query.QueryEnhancerFactory     : Hibernate is in classpath; If applicable, HQL parser will be used.
2025-02-21T09:09:23.617-03:00  WARN 24825 --- [LibraryApi] [restartedMain] JpaBaseConfiguration$JpaWebConfiguration : spring.jpa.open-in-view is enabled by default. Therefore, database queries may be performed during view rendering. Explicitly configure spring.jpa.open-in-view to disable this warning
2025-02-21T09:09:23.645-03:00  INFO 24825 --- [LibraryApi] [restartedMain] eAuthenticationProviderManagerConfigurer : Global AuthenticationManager configured with AuthenticationProvider bean with name customAuthenticationProvider
2025-02-21T09:09:23.780-03:00 DEBUG 24825 --- [LibraryApi] [restartedMain] s.w.s.m.m.a.RequestMappingHandlerMapping : 21 mappings in 'requestMappingHandlerMapping'
2025-02-21T09:09:23.802-03:00 DEBUG 24825 --- [LibraryApi] [restartedMain] o.s.w.s.handler.SimpleUrlHandlerMapping  : Patterns [/login] in 'viewControllerHandlerMapping'
2025-02-21T09:09:23.854-03:00 DEBUG 24825 --- [LibraryApi] [restartedMain] o.s.w.s.handler.SimpleUrlHandlerMapping  : Patterns [/swagger-ui*/*swagger-initializer.js, /swagger-ui*/**] in 'resourceHandlerMapping'
2025-02-21T09:09:25.219-03:00  WARN 24825 --- [LibraryApi] [restartedMain] o.s.s.c.a.web.builders.WebSecurity       : You are asking Spring Security to ignore Deferred [Mvc [pattern='/v2/api-docs/**'], Ant [pattern='/v2/api-docs/**']]. This is not recommended -- please use permitAll via HttpSecurity#authorizeHttpRequests instead.
2025-02-21T09:09:25.219-03:00  WARN 24825 --- [LibraryApi] [restartedMain] o.s.s.c.a.web.builders.WebSecurity       : You are asking Spring Security to ignore Deferred [Mvc [pattern='/v3/api-docs/**'], Ant [pattern='/v3/api-docs/**']]. This is not recommended -- please use permitAll via HttpSecurity#authorizeHttpRequests instead.
2025-02-21T09:09:25.220-03:00  WARN 24825 --- [LibraryApi] [restartedMain] o.s.s.c.a.web.builders.WebSecurity       : You are asking Spring Security to ignore Deferred [Mvc [pattern='/swagger-resources/**'], Ant [pattern='/swagger-resources/**']]. This is not recommended -- please use permitAll via HttpSecurity#authorizeHttpRequests instead.
2025-02-21T09:09:25.220-03:00  WARN 24825 --- [LibraryApi] [restartedMain] o.s.s.c.a.web.builders.WebSecurity       : You are asking Spring Security to ignore Deferred [Mvc [pattern='swagger-ui.html'], Ant [pattern='swagger-ui.html']]. This is not recommended -- please use permitAll via HttpSecurity#authorizeHttpRequests instead.
2025-02-21T09:09:25.220-03:00  WARN 24825 --- [LibraryApi] [restartedMain] o.s.s.c.a.web.builders.WebSecurity       : You are asking Spring Security to ignore Deferred [Mvc [pattern='swagger-ui/**'], Ant [pattern='swagger-ui/**']]. This is not recommended -- please use permitAll via HttpSecurity#authorizeHttpRequests instead.
2025-02-21T09:09:25.220-03:00  WARN 24825 --- [LibraryApi] [restartedMain] o.s.s.c.a.web.builders.WebSecurity       : You are asking Spring Security to ignore Deferred [Mvc [pattern='/webjars/**'], Ant [pattern='/webjars/**']]. This is not recommended -- please use permitAll via HttpSecurity#authorizeHttpRequests instead.
2025-02-21T09:09:25.220-03:00  WARN 24825 --- [LibraryApi] [restartedMain] o.s.s.c.a.web.builders.WebSecurity       : You are asking Spring Security to ignore Deferred [Mvc [pattern='/actuator/**'], Ant [pattern='/actuator/**']]. This is not recommended -- please use permitAll via HttpSecurity#authorizeHttpRequests instead.
2025-02-21T09:09:25.297-03:00 DEBUG 24825 --- [LibraryApi] [restartedMain] s.w.s.m.m.a.RequestMappingHandlerAdapter : ControllerAdvice beans: 0 @ModelAttribute, 0 @InitBinder, 1 RequestBodyAdvice, 1 ResponseBodyAdvice
2025-02-21T09:09:25.340-03:00 DEBUG 24825 --- [LibraryApi] [restartedMain] .m.m.a.ExceptionHandlerExceptionResolver : ControllerAdvice beans: 2 @ExceptionHandler, 1 ResponseBodyAdvice
2025-02-21T09:09:26.100-03:00  INFO 24825 --- [LibraryApi] [restartedMain] o.s.b.d.a.OptionalLiveReloadServer       : LiveReload server is running on port 35729
2025-02-21T09:09:26.169-03:00  INFO 24825 --- [LibraryApi] [restartedMain] o.s.b.w.embedded.tomcat.TomcatWebServer  : Tomcat started on port 8080 (http) with context path '/'
2025-02-21T09:09:26.250-03:00  INFO 24825 --- [LibraryApi] [restartedMain] o.s.b.w.embedded.tomcat.TomcatWebServer  : Tomcat initialized with port 8090 (http)
2025-02-21T09:09:26.251-03:00  INFO 24825 --- [LibraryApi] [restartedMain] o.apache.catalina.core.StandardService   : Starting service [Tomcat]
2025-02-21T09:09:26.251-03:00  INFO 24825 --- [LibraryApi] [restartedMain] o.apache.catalina.core.StandardEngine    : Starting Servlet engine: [Apache Tomcat/10.1.26]
2025-02-21T09:09:26.262-03:00  INFO 24825 --- [LibraryApi] [restartedMain] o.a.c.c.C.[Tomcat-1].[localhost].[/]     : Initializing Spring embedded WebApplicationContext
2025-02-21T09:09:26.262-03:00  INFO 24825 --- [LibraryApi] [restartedMain] w.s.c.ServletWebServerApplicationContext : Root WebApplicationContext: initialization completed in 88 ms
2025-02-21T09:09:26.278-03:00  INFO 24825 --- [LibraryApi] [restartedMain] o.s.b.a.e.web.EndpointLinksResolver      : Exposing 15 endpoints beneath base path '/actuator'
2025-02-21T09:09:26.300-03:00 DEBUG 24825 --- [LibraryApi] [restartedMain] s.w.s.m.m.a.RequestMappingHandlerMapping : 1 mappings in 'requestMappingHandlerMapping'
2025-02-21T09:09:26.302-03:00 DEBUG 24825 --- [LibraryApi] [restartedMain] o.s.w.s.handler.SimpleUrlHandlerMapping  : Patterns [/login] in 'viewControllerHandlerMapping'
2025-02-21T09:09:26.309-03:00 DEBUG 24825 --- [LibraryApi] [restartedMain] o.s.w.s.handler.SimpleUrlHandlerMapping  : Patterns [/swagger-ui*/*swagger-initializer.js, /swagger-ui*/**] in 'resourceHandlerMapping'
2025-02-21T09:09:26.328-03:00 DEBUG 24825 --- [LibraryApi] [restartedMain] s.w.s.m.m.a.RequestMappingHandlerAdapter : ControllerAdvice beans: 0 @ModelAttribute, 0 @InitBinder, 1 RequestBodyAdvice, 1 ResponseBodyAdvice
2025-02-21T09:09:26.375-03:00  INFO 24825 --- [LibraryApi] [restartedMain] o.s.b.w.embedded.tomcat.TomcatWebServer  : Tomcat started on port 8090 (http) with context path '/'
2025-02-21T09:09:26.400-03:00  INFO 24825 --- [LibraryApi] [restartedMain] i.g.lucasrbsouza.libraryapi.Application  : Started Application in 8.04 seconds (process running for 8.872)
2025-02-21T09:09:27.025-03:00  INFO 24825 --- [LibraryApi] [RMI TCP Connection(3)-127.0.0.1] o.a.c.c.C.[Tomcat].[localhost].[/]       : Initializing Spring DispatcherServlet 'dispatcherServlet'
2025-02-21T09:09:27.026-03:00  INFO 24825 --- [LibraryApi] [RMI TCP Connection(3)-127.0.0.1] o.s.web.servlet.DispatcherServlet        : Initializing Servlet 'dispatcherServlet'
2025-02-21T09:09:27.026-03:00 DEBUG 24825 --- [LibraryApi] [RMI TCP Connection(3)-127.0.0.1] o.s.web.servlet.DispatcherServlet        : Detected StandardServletMultipartResolver
2025-02-21T09:09:27.026-03:00 DEBUG 24825 --- [LibraryApi] [RMI TCP Connection(3)-127.0.0.1] o.s.web.servlet.DispatcherServlet        : Detected AcceptHeaderLocaleResolver
2025-02-21T09:09:27.030-03:00 DEBUG 24825 --- [LibraryApi] [RMI TCP Connection(3)-127.0.0.1] o.s.web.servlet.DispatcherServlet        : Detected FixedThemeResolver
2025-02-21T09:09:27.039-03:00 DEBUG 24825 --- [LibraryApi] [RMI TCP Connection(3)-127.0.0.1] o.s.web.servlet.DispatcherServlet        : Detected org.springframework.web.servlet.view.DefaultRequestToViewNameTranslator@5874d096
2025-02-21T09:09:27.043-03:00 DEBUG 24825 --- [LibraryApi] [RMI TCP Connection(3)-127.0.0.1] o.s.web.servlet.DispatcherServlet        : Detected org.springframework.web.servlet.support.SessionFlashMapManager@61267b28
2025-02-21T09:09:27.043-03:00 DEBUG 24825 --- [LibraryApi] [RMI TCP Connection(3)-127.0.0.1] o.s.web.servlet.DispatcherServlet        : enableLoggingRequestDetails='false': request parameters and headers will be masked to prevent unsafe logging of potentially sensitive data
2025-02-21T09:09:27.044-03:00  INFO 24825 --- [LibraryApi] [RMI TCP Connection(3)-127.0.0.1] o.s.web.servlet.DispatcherServlet        : Completed initialization in 18 ms
2025-02-21T09:09:32.105-03:00  INFO 24825 --- [LibraryApi] [SpringApplicationShutdownHook] j.LocalContainerEntityManagerFactoryBean : Closing JPA EntityManagerFactory for persistence unit 'default'
2025-02-21T09:09:32.108-03:00  INFO 24825 --- [LibraryApi] [SpringApplicationShutdownHook] com.zaxxer.hikari.HikariDataSource       : library-db-pool - Shutdown initiated...
2025-02-21T09:09:32.113-03:00  INFO 24825 --- [LibraryApi] [SpringApplicationShutdownHook] com.zaxxer.hikari.HikariDataSource       : library-db-pool - Shutdown completed.
2025-02-21T09:13:06.235-03:00  INFO 25182 --- [LibraryApi] [restartedMain] i.g.lucasrbsouza.libraryapi.Application  : Starting Application using Java 17.0.14 with PID 25182 (/home/lucas-souza/Documentos/Cursos/Udemy/java/springboot_douglasmallen/LibraryApi/target/classes started by lucas-souza in /home/lucas-souza/Documentos/Cursos/Udemy/java/springboot_douglasmallen/LibraryApi)
2025-02-21T09:13:06.237-03:00  INFO 25182 --- [LibraryApi] [restartedMain] i.g.lucasrbsouza.libraryapi.Application  : The following 1 profile is active: "production"
2025-02-21T09:13:06.295-03:00  INFO 25182 --- [LibraryApi] [restartedMain] .e.DevToolsPropertyDefaultsPostProcessor : Devtools property defaults active! Set 'spring.devtools.add-properties' to 'false' to disable
2025-02-21T09:13:06.295-03:00  INFO 25182 --- [LibraryApi] [restartedMain] .e.DevToolsPropertyDefaultsPostProcessor : For additional web related logging consider setting the 'logging.level.web' property to 'DEBUG'
2025-02-21T09:13:07.393-03:00  INFO 25182 --- [LibraryApi] [restartedMain] .s.d.r.c.RepositoryConfigurationDelegate : Bootstrapping Spring Data JPA repositories in DEFAULT mode.
2025-02-21T09:13:07.444-03:00  INFO 25182 --- [LibraryApi] [restartedMain] .s.d.r.c.RepositoryConfigurationDelegate : Finished Spring Data repository scanning in 46 ms. Found 4 JPA repository interfaces.
2025-02-21T09:13:07.892-03:00  WARN 25182 --- [LibraryApi] [restartedMain] trationDelegate$BeanPostProcessorChecker : Bean 'securityConfiguration' of type [io.github.lucasrbsouza.libraryapi.config.SecurityConfiguration$$SpringCGLIB$$0] is not eligible for getting processed by all BeanPostProcessors (for example: not eligible for auto-proxying). Is this bean getting eagerly injected into a currently created BeanPostProcessor [healthEndpointGroupsBeanPostProcessor]? Check the corresponding BeanPostProcessor declaration and its dependencies.
2025-02-21T09:13:07.897-03:00  WARN 25182 --- [LibraryApi] [restartedMain] trationDelegate$BeanPostProcessorChecker : Bean 'grantedAuthorityDefaults' of type [org.springframework.security.config.core.GrantedAuthorityDefaults] is not eligible for getting processed by all BeanPostProcessors (for example: not eligible for auto-proxying). Is this bean getting eagerly injected into a currently created BeanPostProcessor [healthEndpointGroupsBeanPostProcessor]? Check the corresponding BeanPostProcessor declaration and its dependencies.
2025-02-21T09:13:08.213-03:00  INFO 25182 --- [LibraryApi] [restartedMain] o.s.b.w.embedded.tomcat.TomcatWebServer  : Tomcat initialized with port 8080 (http)
2025-02-21T09:13:08.223-03:00  INFO 25182 --- [LibraryApi] [restartedMain] o.apache.catalina.core.StandardService   : Starting service [Tomcat]
2025-02-21T09:13:08.223-03:00  INFO 25182 --- [LibraryApi] [restartedMain] o.apache.catalina.core.StandardEngine    : Starting Servlet engine: [Apache Tomcat/10.1.26]
2025-02-21T09:13:08.260-03:00  INFO 25182 --- [LibraryApi] [restartedMain] o.a.c.c.C.[Tomcat].[localhost].[/]       : Initializing Spring embedded WebApplicationContext
2025-02-21T09:13:08.260-03:00  INFO 25182 --- [LibraryApi] [restartedMain] w.s.c.ServletWebServerApplicationContext : Root WebApplicationContext: initialization completed in 1965 ms
2025-02-21T09:13:08.370-03:00  WARN 25182 --- [LibraryApi] [restartedMain] com.zaxxer.hikari.HikariConfig           : library-db-pool - idleTimeout is close to or more than maxLifetime, disabling it.
2025-02-21T09:13:08.372-03:00  INFO 25182 --- [LibraryApi] [restartedMain] com.zaxxer.hikari.HikariDataSource       : library-db-pool - Starting...
2025-02-21T09:13:08.491-03:00  INFO 25182 --- [LibraryApi] [restartedMain] com.zaxxer.hikari.pool.HikariPool        : library-db-pool - Added connection org.postgresql.jdbc.PgConnection@1af9e990
2025-02-21T09:13:08.492-03:00  INFO 25182 --- [LibraryApi] [restartedMain] com.zaxxer.hikari.HikariDataSource       : library-db-pool - Start completed.
2025-02-21T09:13:08.513-03:00  INFO 25182 --- [LibraryApi] [restartedMain] o.s.b.a.h2.H2ConsoleAutoConfiguration    : H2 console available at '/h2-console'. Database available at 'jdbc:postgresql://localhost:5432/library'
2025-02-21T09:13:08.623-03:00  INFO 25182 --- [LibraryApi] [restartedMain] o.hibernate.jpa.internal.util.LogHelper  : HHH000204: Processing PersistenceUnitInfo [name: default]
2025-02-21T09:13:08.669-03:00  INFO 25182 --- [LibraryApi] [restartedMain] org.hibernate.Version                    : HHH000412: Hibernate ORM core version 6.5.2.Final
2025-02-21T09:13:08.721-03:00  INFO 25182 --- [LibraryApi] [restartedMain] o.h.c.internal.RegionFactoryInitiator    : HHH000026: Second-level cache disabled
2025-02-21T09:13:09.086-03:00  INFO 25182 --- [LibraryApi] [restartedMain] o.s.o.j.p.SpringPersistenceUnitInfo      : No LoadTimeWeaver setup: ignoring JPA class transformer
2025-02-21T09:13:09.940-03:00  INFO 25182 --- [LibraryApi] [restartedMain] o.h.e.t.j.p.i.JtaPlatformInitiator       : HHH000489: No JTA platform available (set 'hibernate.transaction.jta.platform' to enable JTA platform integration)
2025-02-21T09:13:09.943-03:00  INFO 25182 --- [LibraryApi] [restartedMain] j.LocalContainerEntityManagerFactoryBean : Initialized JPA EntityManagerFactory for persistence unit 'default'
2025-02-21T09:13:10.340-03:00 DEBUG 25182 --- [LibraryApi] [restartedMain] o.s.w.f.ServerHttpObservationFilter      : Filter 'webMvcObservationFilter' configured for use
2025-02-21T09:13:10.467-03:00  INFO 25182 --- [LibraryApi] [restartedMain] o.s.d.j.r.query.QueryEnhancerFactory     : Hibernate is in classpath; If applicable, HQL parser will be used.
2025-02-21T09:13:11.153-03:00  WARN 25182 --- [LibraryApi] [restartedMain] JpaBaseConfiguration$JpaWebConfiguration : spring.jpa.open-in-view is enabled by default. Therefore, database queries may be performed during view rendering. Explicitly configure spring.jpa.open-in-view to disable this warning
2025-02-21T09:13:11.180-03:00  INFO 25182 --- [LibraryApi] [restartedMain] eAuthenticationProviderManagerConfigurer : Global AuthenticationManager configured with AuthenticationProvider bean with name customAuthenticationProvider
2025-02-21T09:13:11.307-03:00 DEBUG 25182 --- [LibraryApi] [restartedMain] s.w.s.m.m.a.RequestMappingHandlerMapping : 21 mappings in 'requestMappingHandlerMapping'
2025-02-21T09:13:11.329-03:00 DEBUG 25182 --- [LibraryApi] [restartedMain] o.s.w.s.handler.SimpleUrlHandlerMapping  : Patterns [/login] in 'viewControllerHandlerMapping'
2025-02-21T09:13:11.370-03:00 DEBUG 25182 --- [LibraryApi] [restartedMain] o.s.w.s.handler.SimpleUrlHandlerMapping  : Patterns [/swagger-ui*/*swagger-initializer.js, /swagger-ui*/**] in 'resourceHandlerMapping'
2025-02-21T09:13:13.030-03:00  WARN 25182 --- [LibraryApi] [restartedMain] o.s.s.c.a.web.builders.WebSecurity       : You are asking Spring Security to ignore Deferred [Mvc [pattern='/v2/api-docs/**'], Ant [pattern='/v2/api-docs/**']]. This is not recommended -- please use permitAll via HttpSecurity#authorizeHttpRequests instead.
2025-02-21T09:13:13.031-03:00  WARN 25182 --- [LibraryApi] [restartedMain] o.s.s.c.a.web.builders.WebSecurity       : You are asking Spring Security to ignore Deferred [Mvc [pattern='/v3/api-docs/**'], Ant [pattern='/v3/api-docs/**']]. This is not recommended -- please use permitAll via HttpSecurity#authorizeHttpRequests instead.
2025-02-21T09:13:13.031-03:00  WARN 25182 --- [LibraryApi] [restartedMain] o.s.s.c.a.web.builders.WebSecurity       : You are asking Spring Security to ignore Deferred [Mvc [pattern='/swagger-resources/**'], Ant [pattern='/swagger-resources/**']]. This is not recommended -- please use permitAll via HttpSecurity#authorizeHttpRequests instead.
2025-02-21T09:13:13.031-03:00  WARN 25182 --- [LibraryApi] [restartedMain] o.s.s.c.a.web.builders.WebSecurity       : You are asking Spring Security to ignore Deferred [Mvc [pattern='swagger-ui.html'], Ant [pattern='swagger-ui.html']]. This is not recommended -- please use permitAll via HttpSecurity#authorizeHttpRequests instead.
2025-02-21T09:13:13.031-03:00  WARN 25182 --- [LibraryApi] [restartedMain] o.s.s.c.a.web.builders.WebSecurity       : You are asking Spring Security to ignore Deferred [Mvc [pattern='swagger-ui/**'], Ant [pattern='swagger-ui/**']]. This is not recommended -- please use permitAll via HttpSecurity#authorizeHttpRequests instead.
2025-02-21T09:13:13.031-03:00  WARN 25182 --- [LibraryApi] [restartedMain] o.s.s.c.a.web.builders.WebSecurity       : You are asking Spring Security to ignore Deferred [Mvc [pattern='/webjars/**'], Ant [pattern='/webjars/**']]. This is not recommended -- please use permitAll via HttpSecurity#authorizeHttpRequests instead.
2025-02-21T09:13:13.031-03:00  WARN 25182 --- [LibraryApi] [restartedMain] o.s.s.c.a.web.builders.WebSecurity       : You are asking Spring Security to ignore Deferred [Mvc [pattern='/actuator/**'], Ant [pattern='/actuator/**']]. This is not recommended -- please use permitAll via HttpSecurity#authorizeHttpRequests instead.
2025-02-21T09:13:13.105-03:00 DEBUG 25182 --- [LibraryApi] [restartedMain] s.w.s.m.m.a.RequestMappingHandlerAdapter : ControllerAdvice beans: 0 @ModelAttribute, 0 @InitBinder, 1 RequestBodyAdvice, 1 ResponseBodyAdvice
2025-02-21T09:13:13.146-03:00 DEBUG 25182 --- [LibraryApi] [restartedMain] .m.m.a.ExceptionHandlerExceptionResolver : ControllerAdvice beans: 2 @ExceptionHandler, 1 ResponseBodyAdvice
2025-02-21T09:13:14.072-03:00  INFO 25182 --- [LibraryApi] [restartedMain] o.s.b.d.a.OptionalLiveReloadServer       : LiveReload server is running on port 35729
2025-02-21T09:13:14.153-03:00  INFO 25182 --- [LibraryApi] [restartedMain] o.s.b.w.embedded.tomcat.TomcatWebServer  : Tomcat started on port 8080 (http) with context path '/'
2025-02-21T09:13:14.308-03:00  INFO 25182 --- [LibraryApi] [restartedMain] o.s.b.w.embedded.tomcat.TomcatWebServer  : Tomcat initialized with port 8090 (http)
2025-02-21T09:13:14.309-03:00  INFO 25182 --- [LibraryApi] [restartedMain] o.apache.catalina.core.StandardService   : Starting service [Tomcat]
2025-02-21T09:13:14.311-03:00  INFO 25182 --- [LibraryApi] [restartedMain] o.apache.catalina.core.StandardEngine    : Starting Servlet engine: [Apache Tomcat/10.1.26]
2025-02-21T09:13:14.335-03:00  INFO 25182 --- [LibraryApi] [restartedMain] o.a.c.c.C.[Tomcat-1].[localhost].[/]     : Initializing Spring embedded WebApplicationContext
2025-02-21T09:13:14.335-03:00  INFO 25182 --- [LibraryApi] [restartedMain] w.s.c.ServletWebServerApplicationContext : Root WebApplicationContext: initialization completed in 173 ms
2025-02-21T09:13:14.364-03:00  INFO 25182 --- [LibraryApi] [restartedMain] o.s.b.a.e.web.EndpointLinksResolver      : Exposing 15 endpoints beneath base path '/actuator'
2025-02-21T09:13:14.407-03:00 DEBUG 25182 --- [LibraryApi] [restartedMain] s.w.s.m.m.a.RequestMappingHandlerMapping : 1 mappings in 'requestMappingHandlerMapping'
2025-02-21T09:13:14.409-03:00 DEBUG 25182 --- [LibraryApi] [restartedMain] o.s.w.s.handler.SimpleUrlHandlerMapping  : Patterns [/login] in 'viewControllerHandlerMapping'
2025-02-21T09:13:14.417-03:00 DEBUG 25182 --- [LibraryApi] [restartedMain] o.s.w.s.handler.SimpleUrlHandlerMapping  : Patterns [/swagger-ui*/*swagger-initializer.js, /swagger-ui*/**] in 'resourceHandlerMapping'
2025-02-21T09:13:14.434-03:00 DEBUG 25182 --- [LibraryApi] [restartedMain] s.w.s.m.m.a.RequestMappingHandlerAdapter : ControllerAdvice beans: 0 @ModelAttribute, 0 @InitBinder, 1 RequestBodyAdvice, 1 ResponseBodyAdvice
2025-02-21T09:13:14.444-03:00  INFO 25182 --- [LibraryApi] [restartedMain] o.s.b.w.embedded.tomcat.TomcatWebServer  : Tomcat started on port 8090 (http) with context path '/'
2025-02-21T09:13:14.475-03:00  INFO 25182 --- [LibraryApi] [restartedMain] i.g.lucasrbsouza.libraryapi.Application  : Started Application in 8.798 seconds (process running for 9.546)
2025-02-21T09:13:14.872-03:00  INFO 25182 --- [LibraryApi] [RMI TCP Connection(3)-127.0.0.1] o.a.c.c.C.[Tomcat].[localhost].[/]       : Initializing Spring DispatcherServlet 'dispatcherServlet'
2025-02-21T09:13:14.873-03:00  INFO 25182 --- [LibraryApi] [RMI TCP Connection(3)-127.0.0.1] o.s.web.servlet.DispatcherServlet        : Initializing Servlet 'dispatcherServlet'
2025-02-21T09:13:14.874-03:00 DEBUG 25182 --- [LibraryApi] [RMI TCP Connection(3)-127.0.0.1] o.s.web.servlet.DispatcherServlet        : Detected StandardServletMultipartResolver
2025-02-21T09:13:14.874-03:00 DEBUG 25182 --- [LibraryApi] [RMI TCP Connection(3)-127.0.0.1] o.s.web.servlet.DispatcherServlet        : Detected AcceptHeaderLocaleResolver
2025-02-21T09:13:14.875-03:00 DEBUG 25182 --- [LibraryApi] [RMI TCP Connection(3)-127.0.0.1] o.s.web.servlet.DispatcherServlet        : Detected FixedThemeResolver
2025-02-21T09:13:14.879-03:00 DEBUG 25182 --- [LibraryApi] [RMI TCP Connection(3)-127.0.0.1] o.s.web.servlet.DispatcherServlet        : Detected org.springframework.web.servlet.view.DefaultRequestToViewNameTranslator@34bb1303
2025-02-21T09:13:14.880-03:00 DEBUG 25182 --- [LibraryApi] [RMI TCP Connection(3)-127.0.0.1] o.s.web.servlet.DispatcherServlet        : Detected org.springframework.web.servlet.support.SessionFlashMapManager@449df634
2025-02-21T09:13:14.881-03:00 DEBUG 25182 --- [LibraryApi] [RMI TCP Connection(3)-127.0.0.1] o.s.web.servlet.DispatcherServlet        : enableLoggingRequestDetails='false': request parameters and headers will be masked to prevent unsafe logging of potentially sensitive data
2025-02-21T09:13:14.881-03:00  INFO 25182 --- [LibraryApi] [RMI TCP Connection(3)-127.0.0.1] o.s.web.servlet.DispatcherServlet        : Completed initialization in 7 ms
2025-02-21T09:13:52.617-03:00  INFO 25182 --- [LibraryApi] [SpringApplicationShutdownHook] j.LocalContainerEntityManagerFactoryBean : Closing JPA EntityManagerFactory for persistence unit 'default'
2025-02-21T09:13:52.621-03:00  INFO 25182 --- [LibraryApi] [SpringApplicationShutdownHook] com.zaxxer.hikari.HikariDataSource       : library-db-pool - Shutdown initiated...
2025-02-21T09:13:52.627-03:00  INFO 25182 --- [LibraryApi] [SpringApplicationShutdownHook] com.zaxxer.hikari.HikariDataSource       : library-db-pool - Shutdown completed.
2025-02-21T09:22:47.956-03:00  INFO 25869 --- [LibraryApi] [restartedMain] i.g.lucasrbsouza.libraryapi.Application  : Starting Application using Java 17.0.14 with PID 25869 (/home/lucas-souza/Documentos/Cursos/Udemy/java/springboot_douglasmallen/LibraryApi/target/classes started by lucas-souza in /home/lucas-souza/Documentos/Cursos/Udemy/java/springboot_douglasmallen/LibraryApi)
2025-02-21T09:22:47.958-03:00  INFO 25869 --- [LibraryApi] [restartedMain] i.g.lucasrbsouza.libraryapi.Application  : The following 1 profile is active: "production"
2025-02-21T09:22:48.020-03:00  INFO 25869 --- [LibraryApi] [restartedMain] .e.DevToolsPropertyDefaultsPostProcessor : Devtools property defaults active! Set 'spring.devtools.add-properties' to 'false' to disable
2025-02-21T09:22:48.021-03:00  INFO 25869 --- [LibraryApi] [restartedMain] .e.DevToolsPropertyDefaultsPostProcessor : For additional web related logging consider setting the 'logging.level.web' property to 'DEBUG'
2025-02-21T09:22:49.208-03:00  INFO 25869 --- [LibraryApi] [restartedMain] .s.d.r.c.RepositoryConfigurationDelegate : Bootstrapping Spring Data JPA repositories in DEFAULT mode.
2025-02-21T09:22:49.265-03:00  INFO 25869 --- [LibraryApi] [restartedMain] .s.d.r.c.RepositoryConfigurationDelegate : Finished Spring Data repository scanning in 51 ms. Found 4 JPA repository interfaces.
2025-02-21T09:22:49.725-03:00  WARN 25869 --- [LibraryApi] [restartedMain] trationDelegate$BeanPostProcessorChecker : Bean 'securityConfiguration' of type [io.github.lucasrbsouza.libraryapi.config.SecurityConfiguration$$SpringCGLIB$$0] is not eligible for getting processed by all BeanPostProcessors (for example: not eligible for auto-proxying). Is this bean getting eagerly injected into a currently created BeanPostProcessor [healthEndpointGroupsBeanPostProcessor]? Check the corresponding BeanPostProcessor declaration and its dependencies.
2025-02-21T09:22:49.731-03:00  WARN 25869 --- [LibraryApi] [restartedMain] trationDelegate$BeanPostProcessorChecker : Bean 'grantedAuthorityDefaults' of type [org.springframework.security.config.core.GrantedAuthorityDefaults] is not eligible for getting processed by all BeanPostProcessors (for example: not eligible for auto-proxying). Is this bean getting eagerly injected into a currently created BeanPostProcessor [healthEndpointGroupsBeanPostProcessor]? Check the corresponding BeanPostProcessor declaration and its dependencies.
2025-02-21T09:22:50.048-03:00  INFO 25869 --- [LibraryApi] [restartedMain] o.s.b.w.embedded.tomcat.TomcatWebServer  : Tomcat initialized with port 8080 (http)
2025-02-21T09:22:50.058-03:00  INFO 25869 --- [LibraryApi] [restartedMain] o.apache.catalina.core.StandardService   : Starting service [Tomcat]
2025-02-21T09:22:50.059-03:00  INFO 25869 --- [LibraryApi] [restartedMain] o.apache.catalina.core.StandardEngine    : Starting Servlet engine: [Apache Tomcat/10.1.26]
2025-02-21T09:22:50.095-03:00  INFO 25869 --- [LibraryApi] [restartedMain] o.a.c.c.C.[Tomcat].[localhost].[/]       : Initializing Spring embedded WebApplicationContext
2025-02-21T09:22:50.095-03:00  INFO 25869 --- [LibraryApi] [restartedMain] w.s.c.ServletWebServerApplicationContext : Root WebApplicationContext: initialization completed in 2074 ms
2025-02-21T09:22:50.203-03:00  WARN 25869 --- [LibraryApi] [restartedMain] com.zaxxer.hikari.HikariConfig           : library-db-pool - idleTimeout is close to or more than maxLifetime, disabling it.
2025-02-21T09:22:50.205-03:00  INFO 25869 --- [LibraryApi] [restartedMain] com.zaxxer.hikari.HikariDataSource       : library-db-pool - Starting...
2025-02-21T09:22:50.312-03:00  INFO 25869 --- [LibraryApi] [restartedMain] com.zaxxer.hikari.pool.HikariPool        : library-db-pool - Added connection org.postgresql.jdbc.PgConnection@7ef8113c
2025-02-21T09:22:50.313-03:00  INFO 25869 --- [LibraryApi] [restartedMain] com.zaxxer.hikari.HikariDataSource       : library-db-pool - Start completed.
2025-02-21T09:22:50.334-03:00  INFO 25869 --- [LibraryApi] [restartedMain] o.s.b.a.h2.H2ConsoleAutoConfiguration    : H2 console available at '/h2-console'. Database available at 'jdbc:postgresql://localhost:5432/library'
2025-02-21T09:22:50.445-03:00  INFO 25869 --- [LibraryApi] [restartedMain] o.hibernate.jpa.internal.util.LogHelper  : HHH000204: Processing PersistenceUnitInfo [name: default]
2025-02-21T09:22:50.483-03:00  INFO 25869 --- [LibraryApi] [restartedMain] org.hibernate.Version                    : HHH000412: Hibernate ORM core version 6.5.2.Final
2025-02-21T09:22:50.508-03:00  INFO 25869 --- [LibraryApi] [restartedMain] o.h.c.internal.RegionFactoryInitiator    : HHH000026: Second-level cache disabled
2025-02-21T09:22:50.795-03:00  INFO 25869 --- [LibraryApi] [restartedMain] o.s.o.j.p.SpringPersistenceUnitInfo      : No LoadTimeWeaver setup: ignoring JPA class transformer
2025-02-21T09:22:51.644-03:00  INFO 25869 --- [LibraryApi] [restartedMain] o.h.e.t.j.p.i.JtaPlatformInitiator       : HHH000489: No JTA platform available (set 'hibernate.transaction.jta.platform' to enable JTA platform integration)
2025-02-21T09:22:51.647-03:00  INFO 25869 --- [LibraryApi] [restartedMain] j.LocalContainerEntityManagerFactoryBean : Initialized JPA EntityManagerFactory for persistence unit 'default'
2025-02-21T09:22:52.011-03:00 DEBUG 25869 --- [LibraryApi] [restartedMain] o.s.w.f.ServerHttpObservationFilter      : Filter 'webMvcObservationFilter' configured for use
2025-02-21T09:22:52.127-03:00  INFO 25869 --- [LibraryApi] [restartedMain] o.s.d.j.r.query.QueryEnhancerFactory     : Hibernate is in classpath; If applicable, HQL parser will be used.
2025-02-21T09:22:52.795-03:00  WARN 25869 --- [LibraryApi] [restartedMain] JpaBaseConfiguration$JpaWebConfiguration : spring.jpa.open-in-view is enabled by default. Therefore, database queries may be performed during view rendering. Explicitly configure spring.jpa.open-in-view to disable this warning
2025-02-21T09:22:52.823-03:00  INFO 25869 --- [LibraryApi] [restartedMain] eAuthenticationProviderManagerConfigurer : Global AuthenticationManager configured with AuthenticationProvider bean with name customAuthenticationProvider
2025-02-21T09:22:52.953-03:00 DEBUG 25869 --- [LibraryApi] [restartedMain] s.w.s.m.m.a.RequestMappingHandlerMapping : 21 mappings in 'requestMappingHandlerMapping'
2025-02-21T09:22:52.992-03:00 DEBUG 25869 --- [LibraryApi] [restartedMain] o.s.w.s.handler.SimpleUrlHandlerMapping  : Patterns [/login] in 'viewControllerHandlerMapping'
2025-02-21T09:22:53.036-03:00 DEBUG 25869 --- [LibraryApi] [restartedMain] o.s.w.s.handler.SimpleUrlHandlerMapping  : Patterns [/swagger-ui*/*swagger-initializer.js, /swagger-ui*/**] in 'resourceHandlerMapping'
2025-02-21T09:22:53.846-03:00  WARN 25869 --- [LibraryApi] [restartedMain] o.s.s.c.a.web.builders.WebSecurity       : You are asking Spring Security to ignore Deferred [Mvc [pattern='/v2/api-docs/**'], Ant [pattern='/v2/api-docs/**']]. This is not recommended -- please use permitAll via HttpSecurity#authorizeHttpRequests instead.
2025-02-21T09:22:53.847-03:00  WARN 25869 --- [LibraryApi] [restartedMain] o.s.s.c.a.web.builders.WebSecurity       : You are asking Spring Security to ignore Deferred [Mvc [pattern='/v3/api-docs/**'], Ant [pattern='/v3/api-docs/**']]. This is not recommended -- please use permitAll via HttpSecurity#authorizeHttpRequests instead.
2025-02-21T09:22:53.847-03:00  WARN 25869 --- [LibraryApi] [restartedMain] o.s.s.c.a.web.builders.WebSecurity       : You are asking Spring Security to ignore Deferred [Mvc [pattern='/swagger-resources/**'], Ant [pattern='/swagger-resources/**']]. This is not recommended -- please use permitAll via HttpSecurity#authorizeHttpRequests instead.
2025-02-21T09:22:53.847-03:00  WARN 25869 --- [LibraryApi] [restartedMain] o.s.s.c.a.web.builders.WebSecurity       : You are asking Spring Security to ignore Deferred [Mvc [pattern='swagger-ui.html'], Ant [pattern='swagger-ui.html']]. This is not recommended -- please use permitAll via HttpSecurity#authorizeHttpRequests instead.
2025-02-21T09:22:53.847-03:00  WARN 25869 --- [LibraryApi] [restartedMain] o.s.s.c.a.web.builders.WebSecurity       : You are asking Spring Security to ignore Deferred [Mvc [pattern='swagger-ui/**'], Ant [pattern='swagger-ui/**']]. This is not recommended -- please use permitAll via HttpSecurity#authorizeHttpRequests instead.
2025-02-21T09:22:53.847-03:00  WARN 25869 --- [LibraryApi] [restartedMain] o.s.s.c.a.web.builders.WebSecurity       : You are asking Spring Security to ignore Deferred [Mvc [pattern='/webjars/**'], Ant [pattern='/webjars/**']]. This is not recommended -- please use permitAll via HttpSecurity#authorizeHttpRequests instead.
2025-02-21T09:22:53.848-03:00  WARN 25869 --- [LibraryApi] [restartedMain] o.s.s.c.a.web.builders.WebSecurity       : You are asking Spring Security to ignore Deferred [Mvc [pattern='/actuator/**'], Ant [pattern='/actuator/**']]. This is not recommended -- please use permitAll via HttpSecurity#authorizeHttpRequests instead.
2025-02-21T09:22:53.916-03:00 DEBUG 25869 --- [LibraryApi] [restartedMain] s.w.s.m.m.a.RequestMappingHandlerAdapter : ControllerAdvice beans: 0 @ModelAttribute, 0 @InitBinder, 1 RequestBodyAdvice, 1 ResponseBodyAdvice
2025-02-21T09:22:53.954-03:00 DEBUG 25869 --- [LibraryApi] [restartedMain] .m.m.a.ExceptionHandlerExceptionResolver : ControllerAdvice beans: 2 @ExceptionHandler, 1 ResponseBodyAdvice
2025-02-21T09:22:54.590-03:00  INFO 25869 --- [LibraryApi] [restartedMain] o.s.b.d.a.OptionalLiveReloadServer       : LiveReload server is running on port 35729
2025-02-21T09:22:54.663-03:00  INFO 25869 --- [LibraryApi] [restartedMain] o.s.b.w.embedded.tomcat.TomcatWebServer  : Tomcat started on port 8080 (http) with context path '/'
2025-02-21T09:22:54.729-03:00  INFO 25869 --- [LibraryApi] [restartedMain] o.s.b.w.embedded.tomcat.TomcatWebServer  : Tomcat initialized with port 8090 (http)
2025-02-21T09:22:54.738-03:00  INFO 25869 --- [LibraryApi] [restartedMain] w.s.c.ServletWebServerApplicationContext : Root WebApplicationContext: initialization completed in 71 ms
2025-02-21T09:22:54.750-03:00  INFO 25869 --- [LibraryApi] [restartedMain] o.s.b.a.e.web.EndpointLinksResolver      : Exposing 15 endpoints beneath base path '/actuator'
2025-02-21T09:22:54.769-03:00 DEBUG 25869 --- [LibraryApi] [restartedMain] s.w.s.m.m.a.RequestMappingHandlerMapping : 1 mappings in 'requestMappingHandlerMapping'
2025-02-21T09:22:54.770-03:00 DEBUG 25869 --- [LibraryApi] [restartedMain] o.s.w.s.handler.SimpleUrlHandlerMapping  : Patterns [/login] in 'viewControllerHandlerMapping'
2025-02-21T09:22:54.775-03:00 DEBUG 25869 --- [LibraryApi] [restartedMain] o.s.w.s.handler.SimpleUrlHandlerMapping  : Patterns [/swagger-ui*/*swagger-initializer.js, /swagger-ui*/**] in 'resourceHandlerMapping'
2025-02-21T09:22:54.783-03:00 DEBUG 25869 --- [LibraryApi] [restartedMain] s.w.s.m.m.a.RequestMappingHandlerAdapter : ControllerAdvice beans: 0 @ModelAttribute, 0 @InitBinder, 1 RequestBodyAdvice, 1 ResponseBodyAdvice
2025-02-21T09:22:54.789-03:00  INFO 25869 --- [LibraryApi] [restartedMain] o.s.b.w.embedded.tomcat.TomcatWebServer  : Tomcat started on port 8090 (http) with context path '/'
2025-02-21T09:22:54.806-03:00  INFO 25869 --- [LibraryApi] [restartedMain] i.g.lucasrbsouza.libraryapi.Application  : Started Application in 7.372 seconds (process running for 8.091)
2025-02-21T09:22:54.823-03:00  INFO 25869 --- [LibraryApi] [SpringApplicationShutdownHook] j.LocalContainerEntityManagerFactoryBean : Closing JPA EntityManagerFactory for persistence unit 'default'
2025-02-21T09:22:54.825-03:00  INFO 25869 --- [LibraryApi] [SpringApplicationShutdownHook] com.zaxxer.hikari.HikariDataSource       : library-db-pool - Shutdown initiated...
2025-02-21T09:22:54.828-03:00  INFO 25869 --- [LibraryApi] [SpringApplicationShutdownHook] com.zaxxer.hikari.HikariDataSource       : library-db-pool - Shutdown completed.
2025-02-21T09:23:15.783-03:00  INFO 26030 --- [LibraryApi] [restartedMain] i.g.lucasrbsouza.libraryapi.Application  : Starting Application using Java 17.0.14 with PID 26030 (/home/lucas-souza/Documentos/Cursos/Udemy/java/springboot_douglasmallen/LibraryApi/target/classes started by lucas-souza in /home/lucas-souza/Documentos/Cursos/Udemy/java/springboot_douglasmallen/LibraryApi)
2025-02-21T09:23:15.787-03:00  INFO 26030 --- [LibraryApi] [restartedMain] i.g.lucasrbsouza.libraryapi.Application  : The following 1 profile is active: "default"
2025-02-21T09:23:15.860-03:00  INFO 26030 --- [LibraryApi] [restartedMain] .e.DevToolsPropertyDefaultsPostProcessor : Devtools property defaults active! Set 'spring.devtools.add-properties' to 'false' to disable
2025-02-21T09:23:15.861-03:00  INFO 26030 --- [LibraryApi] [restartedMain] .e.DevToolsPropertyDefaultsPostProcessor : For additional web related logging consider setting the 'logging.level.web' property to 'DEBUG'
2025-02-21T09:23:16.952-03:00  INFO 26030 --- [LibraryApi] [restartedMain] .s.d.r.c.RepositoryConfigurationDelegate : Bootstrapping Spring Data JPA repositories in DEFAULT mode.
2025-02-21T09:23:17.011-03:00  INFO 26030 --- [LibraryApi] [restartedMain] .s.d.r.c.RepositoryConfigurationDelegate : Finished Spring Data repository scanning in 52 ms. Found 4 JPA repository interfaces.
2025-02-21T09:23:17.458-03:00  WARN 26030 --- [LibraryApi] [restartedMain] trationDelegate$BeanPostProcessorChecker : Bean 'securityConfiguration' of type [io.github.lucasrbsouza.libraryapi.config.SecurityConfiguration$$SpringCGLIB$$0] is not eligible for getting processed by all BeanPostProcessors (for example: not eligible for auto-proxying). Is this bean getting eagerly injected into a currently created BeanPostProcessor [healthEndpointGroupsBeanPostProcessor]? Check the corresponding BeanPostProcessor declaration and its dependencies.
2025-02-21T09:23:17.465-03:00  WARN 26030 --- [LibraryApi] [restartedMain] trationDelegate$BeanPostProcessorChecker : Bean 'grantedAuthorityDefaults' of type [org.springframework.security.config.core.GrantedAuthorityDefaults] is not eligible for getting processed by all BeanPostProcessors (for example: not eligible for auto-proxying). Is this bean getting eagerly injected into a currently created BeanPostProcessor [healthEndpointGroupsBeanPostProcessor]? Check the corresponding BeanPostProcessor declaration and its dependencies.
2025-02-21T09:23:17.759-03:00  INFO 26030 --- [LibraryApi] [restartedMain] o.s.b.w.embedded.tomcat.TomcatWebServer  : Tomcat initialized with port 8080 (http)
2025-02-21T09:23:17.768-03:00  INFO 26030 --- [LibraryApi] [restartedMain] o.apache.catalina.core.StandardService   : Starting service [Tomcat]
2025-02-21T09:23:17.768-03:00  INFO 26030 --- [LibraryApi] [restartedMain] o.apache.catalina.core.StandardEngine    : Starting Servlet engine: [Apache Tomcat/10.1.26]
2025-02-21T09:23:17.803-03:00  INFO 26030 --- [LibraryApi] [restartedMain] o.a.c.c.C.[Tomcat].[localhost].[/]       : Initializing Spring embedded WebApplicationContext
2025-02-21T09:23:17.803-03:00  INFO 26030 --- [LibraryApi] [restartedMain] w.s.c.ServletWebServerApplicationContext : Root WebApplicationContext: initialization completed in 1941 ms
2025-02-21T09:23:17.898-03:00  WARN 26030 --- [LibraryApi] [restartedMain] com.zaxxer.hikari.HikariConfig           : library-db-pool - idleTimeout is close to or more than maxLifetime, disabling it.
2025-02-21T09:23:17.899-03:00  INFO 26030 --- [LibraryApi] [restartedMain] com.zaxxer.hikari.HikariDataSource       : library-db-pool - Starting...
2025-02-21T09:23:18.000-03:00  INFO 26030 --- [LibraryApi] [restartedMain] com.zaxxer.hikari.pool.HikariPool        : library-db-pool - Added connection org.postgresql.jdbc.PgConnection@2b8e05a2
2025-02-21T09:23:18.002-03:00  INFO 26030 --- [LibraryApi] [restartedMain] com.zaxxer.hikari.HikariDataSource       : library-db-pool - Start completed.
2025-02-21T09:23:18.020-03:00  INFO 26030 --- [LibraryApi] [restartedMain] o.s.b.a.h2.H2ConsoleAutoConfiguration    : H2 console available at '/h2-console'. Database available at 'jdbc:postgresql://localhost:5432/library'
2025-02-21T09:23:18.129-03:00  INFO 26030 --- [LibraryApi] [restartedMain] o.hibernate.jpa.internal.util.LogHelper  : HHH000204: Processing PersistenceUnitInfo [name: default]
2025-02-21T09:23:18.174-03:00  INFO 26030 --- [LibraryApi] [restartedMain] org.hibernate.Version                    : HHH000412: Hibernate ORM core version 6.5.2.Final
2025-02-21T09:23:18.203-03:00  INFO 26030 --- [LibraryApi] [restartedMain] o.h.c.internal.RegionFactoryInitiator    : HHH000026: Second-level cache disabled
2025-02-21T09:23:18.485-03:00  INFO 26030 --- [LibraryApi] [restartedMain] o.s.o.j.p.SpringPersistenceUnitInfo      : No LoadTimeWeaver setup: ignoring JPA class transformer
2025-02-21T09:23:19.317-03:00  INFO 26030 --- [LibraryApi] [restartedMain] o.h.e.t.j.p.i.JtaPlatformInitiator       : HHH000489: No JTA platform available (set 'hibernate.transaction.jta.platform' to enable JTA platform integration)
2025-02-21T09:23:19.320-03:00  INFO 26030 --- [LibraryApi] [restartedMain] j.LocalContainerEntityManagerFactoryBean : Initialized JPA EntityManagerFactory for persistence unit 'default'
2025-02-21T09:23:19.665-03:00 DEBUG 26030 --- [LibraryApi] [restartedMain] o.s.w.f.ServerHttpObservationFilter      : Filter 'webMvcObservationFilter' configured for use
2025-02-21T09:23:19.781-03:00  INFO 26030 --- [LibraryApi] [restartedMain] o.s.d.j.r.query.QueryEnhancerFactory     : Hibernate is in classpath; If applicable, HQL parser will be used.
2025-02-21T09:23:20.346-03:00  WARN 26030 --- [LibraryApi] [restartedMain] JpaBaseConfiguration$JpaWebConfiguration : spring.jpa.open-in-view is enabled by default. Therefore, database queries may be performed during view rendering. Explicitly configure spring.jpa.open-in-view to disable this warning
2025-02-21T09:23:20.373-03:00  INFO 26030 --- [LibraryApi] [restartedMain] eAuthenticationProviderManagerConfigurer : Global AuthenticationManager configured with AuthenticationProvider bean with name customAuthenticationProvider
2025-02-21T09:23:20.497-03:00 DEBUG 26030 --- [LibraryApi] [restartedMain] s.w.s.m.m.a.RequestMappingHandlerMapping : 21 mappings in 'requestMappingHandlerMapping'
2025-02-21T09:23:20.519-03:00 DEBUG 26030 --- [LibraryApi] [restartedMain] o.s.w.s.handler.SimpleUrlHandlerMapping  : Patterns [/login] in 'viewControllerHandlerMapping'
2025-02-21T09:23:20.574-03:00 DEBUG 26030 --- [LibraryApi] [restartedMain] o.s.w.s.handler.SimpleUrlHandlerMapping  : Patterns [/swagger-ui*/*swagger-initializer.js, /swagger-ui*/**] in 'resourceHandlerMapping'
2025-02-21T09:23:22.132-03:00  WARN 26030 --- [LibraryApi] [restartedMain] o.s.s.c.a.web.builders.WebSecurity       : You are asking Spring Security to ignore Deferred [Mvc [pattern='/v2/api-docs/**'], Ant [pattern='/v2/api-docs/**']]. This is not recommended -- please use permitAll via HttpSecurity#authorizeHttpRequests instead.
2025-02-21T09:23:22.133-03:00  WARN 26030 --- [LibraryApi] [restartedMain] o.s.s.c.a.web.builders.WebSecurity       : You are asking Spring Security to ignore Deferred [Mvc [pattern='/v3/api-docs/**'], Ant [pattern='/v3/api-docs/**']]. This is not recommended -- please use permitAll via HttpSecurity#authorizeHttpRequests instead.
2025-02-21T09:23:22.133-03:00  WARN 26030 --- [LibraryApi] [restartedMain] o.s.s.c.a.web.builders.WebSecurity       : You are asking Spring Security to ignore Deferred [Mvc [pattern='/swagger-resources/**'], Ant [pattern='/swagger-resources/**']]. This is not recommended -- please use permitAll via HttpSecurity#authorizeHttpRequests instead.
2025-02-21T09:23:22.133-03:00  WARN 26030 --- [LibraryApi] [restartedMain] o.s.s.c.a.web.builders.WebSecurity       : You are asking Spring Security to ignore Deferred [Mvc [pattern='swagger-ui.html'], Ant [pattern='swagger-ui.html']]. This is not recommended -- please use permitAll via HttpSecurity#authorizeHttpRequests instead.
2025-02-21T09:23:22.133-03:00  WARN 26030 --- [LibraryApi] [restartedMain] o.s.s.c.a.web.builders.WebSecurity       : You are asking Spring Security to ignore Deferred [Mvc [pattern='swagger-ui/**'], Ant [pattern='swagger-ui/**']]. This is not recommended -- please use permitAll via HttpSecurity#authorizeHttpRequests instead.
2025-02-21T09:23:22.133-03:00  WARN 26030 --- [LibraryApi] [restartedMain] o.s.s.c.a.web.builders.WebSecurity       : You are asking Spring Security to ignore Deferred [Mvc [pattern='/webjars/**'], Ant [pattern='/webjars/**']]. This is not recommended -- please use permitAll via HttpSecurity#authorizeHttpRequests instead.
2025-02-21T09:23:22.133-03:00  WARN 26030 --- [LibraryApi] [restartedMain] o.s.s.c.a.web.builders.WebSecurity       : You are asking Spring Security to ignore Deferred [Mvc [pattern='/actuator/**'], Ant [pattern='/actuator/**']]. This is not recommended -- please use permitAll via HttpSecurity#authorizeHttpRequests instead.
2025-02-21T09:23:22.220-03:00 DEBUG 26030 --- [LibraryApi] [restartedMain] s.w.s.m.m.a.RequestMappingHandlerAdapter : ControllerAdvice beans: 0 @ModelAttribute, 0 @InitBinder, 1 RequestBodyAdvice, 1 ResponseBodyAdvice
2025-02-21T09:23:22.260-03:00 DEBUG 26030 --- [LibraryApi] [restartedMain] .m.m.a.ExceptionHandlerExceptionResolver : ControllerAdvice beans: 2 @ExceptionHandler, 1 ResponseBodyAdvice
2025-02-21T09:23:22.945-03:00  INFO 26030 --- [LibraryApi] [restartedMain] o.s.b.d.a.OptionalLiveReloadServer       : LiveReload server is running on port 35729
2025-02-21T09:23:23.007-03:00  INFO 26030 --- [LibraryApi] [restartedMain] o.s.b.w.embedded.tomcat.TomcatWebServer  : Tomcat started on port 8080 (http) with context path '/'
2025-02-21T09:23:23.072-03:00  INFO 26030 --- [LibraryApi] [restartedMain] o.s.b.w.embedded.tomcat.TomcatWebServer  : Tomcat initialized with port 8090 (http)
2025-02-21T09:23:23.073-03:00  INFO 26030 --- [LibraryApi] [restartedMain] o.apache.catalina.core.StandardService   : Starting service [Tomcat]
2025-02-21T09:23:23.073-03:00  INFO 26030 --- [LibraryApi] [restartedMain] o.apache.catalina.core.StandardEngine    : Starting Servlet engine: [Apache Tomcat/10.1.26]
2025-02-21T09:23:23.082-03:00  INFO 26030 --- [LibraryApi] [restartedMain] o.a.c.c.C.[Tomcat-1].[localhost].[/]     : Initializing Spring embedded WebApplicationContext
2025-02-21T09:23:23.082-03:00  INFO 26030 --- [LibraryApi] [restartedMain] w.s.c.ServletWebServerApplicationContext : Root WebApplicationContext: initialization completed in 72 ms
2025-02-21T09:23:23.094-03:00  INFO 26030 --- [LibraryApi] [restartedMain] o.s.b.a.e.web.EndpointLinksResolver      : Exposing 15 endpoints beneath base path '/actuator'
2025-02-21T09:23:23.117-03:00 DEBUG 26030 --- [LibraryApi] [restartedMain] s.w.s.m.m.a.RequestMappingHandlerMapping : 1 mappings in 'requestMappingHandlerMapping'
2025-02-21T09:23:23.119-03:00 DEBUG 26030 --- [LibraryApi] [restartedMain] o.s.w.s.handler.SimpleUrlHandlerMapping  : Patterns [/login] in 'viewControllerHandlerMapping'
2025-02-21T09:23:23.124-03:00 DEBUG 26030 --- [LibraryApi] [restartedMain] o.s.w.s.handler.SimpleUrlHandlerMapping  : Patterns [/swagger-ui*/*swagger-initializer.js, /swagger-ui*/**] in 'resourceHandlerMapping'
2025-02-21T09:23:23.144-03:00 DEBUG 26030 --- [LibraryApi] [restartedMain] s.w.s.m.m.a.RequestMappingHandlerAdapter : ControllerAdvice beans: 0 @ModelAttribute, 0 @InitBinder, 1 RequestBodyAdvice, 1 ResponseBodyAdvice
2025-02-21T09:23:23.150-03:00  INFO 26030 --- [LibraryApi] [restartedMain] o.s.b.w.embedded.tomcat.TomcatWebServer  : Tomcat started on port 8090 (http) with context path '/'
2025-02-21T09:23:23.173-03:00  INFO 26030 --- [LibraryApi] [restartedMain] i.g.lucasrbsouza.libraryapi.Application  : Started Application in 7.919 seconds (process running for 8.664)
2025-02-21T09:23:23.383-03:00  INFO 26030 --- [LibraryApi] [RMI TCP Connection(1)-127.0.0.1] o.a.c.c.C.[Tomcat].[localhost].[/]       : Initializing Spring DispatcherServlet 'dispatcherServlet'
2025-02-21T09:23:23.384-03:00  INFO 26030 --- [LibraryApi] [RMI TCP Connection(1)-127.0.0.1] o.s.web.servlet.DispatcherServlet        : Initializing Servlet 'dispatcherServlet'
2025-02-21T09:23:23.384-03:00 DEBUG 26030 --- [LibraryApi] [RMI TCP Connection(1)-127.0.0.1] o.s.web.servlet.DispatcherServlet        : Detected StandardServletMultipartResolver
2025-02-21T09:23:23.384-03:00 DEBUG 26030 --- [LibraryApi] [RMI TCP Connection(1)-127.0.0.1] o.s.web.servlet.DispatcherServlet        : Detected AcceptHeaderLocaleResolver
2025-02-21T09:23:23.385-03:00 DEBUG 26030 --- [LibraryApi] [RMI TCP Connection(1)-127.0.0.1] o.s.web.servlet.DispatcherServlet        : Detected FixedThemeResolver
2025-02-21T09:23:23.388-03:00 DEBUG 26030 --- [LibraryApi] [RMI TCP Connection(1)-127.0.0.1] o.s.web.servlet.DispatcherServlet        : Detected org.springframework.web.servlet.view.DefaultRequestToViewNameTranslator@3ad960f
2025-02-21T09:23:23.390-03:00 DEBUG 26030 --- [LibraryApi] [RMI TCP Connection(1)-127.0.0.1] o.s.web.servlet.DispatcherServlet        : Detected org.springframework.web.servlet.support.SessionFlashMapManager@3c1115b2
2025-02-21T09:23:23.390-03:00 DEBUG 26030 --- [LibraryApi] [RMI TCP Connection(1)-127.0.0.1] o.s.web.servlet.DispatcherServlet        : enableLoggingRequestDetails='false': request parameters and headers will be masked to prevent unsafe logging of potentially sensitive data
2025-02-21T09:23:23.391-03:00  INFO 26030 --- [LibraryApi] [RMI TCP Connection(1)-127.0.0.1] o.s.web.servlet.DispatcherServlet        : Completed initialization in 7 ms
2025-02-21T09:24:50.761-03:00  INFO 26030 --- [LibraryApi] [SpringApplicationShutdownHook] j.LocalContainerEntityManagerFactoryBean : Closing JPA EntityManagerFactory for persistence unit 'default'
2025-02-21T09:24:50.764-03:00  INFO 26030 --- [LibraryApi] [SpringApplicationShutdownHook] com.zaxxer.hikari.HikariDataSource       : library-db-pool - Shutdown initiated...
2025-02-21T09:24:50.773-03:00  INFO 26030 --- [LibraryApi] [SpringApplicationShutdownHook] com.zaxxer.hikari.HikariDataSource       : library-db-pool - Shutdown completed.
2025-02-21T09:24:56.086-03:00  INFO 26349 --- [LibraryApi] [restartedMain] i.g.lucasrbsouza.libraryapi.Application  : Starting Application using Java 17.0.14 with PID 26349 (/home/lucas-souza/Documentos/Cursos/Udemy/java/springboot_douglasmallen/LibraryApi/target/classes started by lucas-souza in /home/lucas-souza/Documentos/Cursos/Udemy/java/springboot_douglasmallen/LibraryApi)
2025-02-21T09:24:56.089-03:00  INFO 26349 --- [LibraryApi] [restartedMain] i.g.lucasrbsouza.libraryapi.Application  : The following 1 profile is active: "default"
2025-02-21T09:24:56.149-03:00  INFO 26349 --- [LibraryApi] [restartedMain] .e.DevToolsPropertyDefaultsPostProcessor : Devtools property defaults active! Set 'spring.devtools.add-properties' to 'false' to disable
2025-02-21T09:24:56.150-03:00  INFO 26349 --- [LibraryApi] [restartedMain] .e.DevToolsPropertyDefaultsPostProcessor : For additional web related logging consider setting the 'logging.level.web' property to 'DEBUG'
2025-02-21T09:24:57.242-03:00  INFO 26349 --- [LibraryApi] [restartedMain] .s.d.r.c.RepositoryConfigurationDelegate : Bootstrapping Spring Data JPA repositories in DEFAULT mode.
2025-02-21T09:24:57.294-03:00  INFO 26349 --- [LibraryApi] [restartedMain] .s.d.r.c.RepositoryConfigurationDelegate : Finished Spring Data repository scanning in 46 ms. Found 4 JPA repository interfaces.
2025-02-21T09:24:57.733-03:00  WARN 26349 --- [LibraryApi] [restartedMain] trationDelegate$BeanPostProcessorChecker : Bean 'securityConfiguration' of type [io.github.lucasrbsouza.libraryapi.config.SecurityConfiguration$$SpringCGLIB$$0] is not eligible for getting processed by all BeanPostProcessors (for example: not eligible for auto-proxying). Is this bean getting eagerly injected into a currently created BeanPostProcessor [healthEndpointGroupsBeanPostProcessor]? Check the corresponding BeanPostProcessor declaration and its dependencies.
2025-02-21T09:24:57.739-03:00  WARN 26349 --- [LibraryApi] [restartedMain] trationDelegate$BeanPostProcessorChecker : Bean 'grantedAuthorityDefaults' of type [org.springframework.security.config.core.GrantedAuthorityDefaults] is not eligible for getting processed by all BeanPostProcessors (for example: not eligible for auto-proxying). Is this bean getting eagerly injected into a currently created BeanPostProcessor [healthEndpointGroupsBeanPostProcessor]? Check the corresponding BeanPostProcessor declaration and its dependencies.
2025-02-21T09:24:58.038-03:00  INFO 26349 --- [LibraryApi] [restartedMain] o.s.b.w.embedded.tomcat.TomcatWebServer  : Tomcat initialized with port 8080 (http)
2025-02-21T09:24:58.047-03:00  INFO 26349 --- [LibraryApi] [restartedMain] o.apache.catalina.core.StandardService   : Starting service [Tomcat]
2025-02-21T09:24:58.047-03:00  INFO 26349 --- [LibraryApi] [restartedMain] o.apache.catalina.core.StandardEngine    : Starting Servlet engine: [Apache Tomcat/10.1.26]
2025-02-21T09:24:58.089-03:00  INFO 26349 --- [LibraryApi] [restartedMain] o.a.c.c.C.[Tomcat].[localhost].[/]       : Initializing Spring embedded WebApplicationContext
2025-02-21T09:24:58.089-03:00  INFO 26349 --- [LibraryApi] [restartedMain] w.s.c.ServletWebServerApplicationContext : Root WebApplicationContext: initialization completed in 1938 ms
2025-02-21T09:24:58.183-03:00  INFO 26349 --- [LibraryApi] [restartedMain] i.g.l.l.config.DatabaseConfiguration     : Iniciando conexo com o banco na URL: jdbc:postgresql://localhost:5432/library 
2025-02-21T09:24:58.188-03:00  WARN 26349 --- [LibraryApi] [restartedMain] com.zaxxer.hikari.HikariConfig           : library-db-pool - idleTimeout is close to or more than maxLifetime, disabling it.
2025-02-21T09:24:58.190-03:00  INFO 26349 --- [LibraryApi] [restartedMain] com.zaxxer.hikari.HikariDataSource       : library-db-pool - Starting...
2025-02-21T09:24:58.309-03:00  INFO 26349 --- [LibraryApi] [restartedMain] com.zaxxer.hikari.pool.HikariPool        : library-db-pool - Added connection org.postgresql.jdbc.PgConnection@7448f34e
2025-02-21T09:24:58.312-03:00  INFO 26349 --- [LibraryApi] [restartedMain] com.zaxxer.hikari.HikariDataSource       : library-db-pool - Start completed.
2025-02-21T09:24:58.346-03:00  INFO 26349 --- [LibraryApi] [restartedMain] o.s.b.a.h2.H2ConsoleAutoConfiguration    : H2 console available at '/h2-console'. Database available at 'jdbc:postgresql://localhost:5432/library'
2025-02-21T09:24:58.475-03:00  INFO 26349 --- [LibraryApi] [restartedMain] o.hibernate.jpa.internal.util.LogHelper  : HHH000204: Processing PersistenceUnitInfo [name: default]
2025-02-21T09:24:58.531-03:00  INFO 26349 --- [LibraryApi] [restartedMain] org.hibernate.Version                    : HHH000412: Hibernate ORM core version 6.5.2.Final
2025-02-21T09:24:58.567-03:00  INFO 26349 --- [LibraryApi] [restartedMain] o.h.c.internal.RegionFactoryInitiator    : HHH000026: Second-level cache disabled
2025-02-21T09:24:58.843-03:00  INFO 26349 --- [LibraryApi] [restartedMain] o.s.o.j.p.SpringPersistenceUnitInfo      : No LoadTimeWeaver setup: ignoring JPA class transformer
2025-02-21T09:24:59.652-03:00  INFO 26349 --- [LibraryApi] [restartedMain] o.h.e.t.j.p.i.JtaPlatformInitiator       : HHH000489: No JTA platform available (set 'hibernate.transaction.jta.platform' to enable JTA platform integration)
2025-02-21T09:24:59.655-03:00  INFO 26349 --- [LibraryApi] [restartedMain] j.LocalContainerEntityManagerFactoryBean : Initialized JPA EntityManagerFactory for persistence unit 'default'
2025-02-21T09:24:59.957-03:00 DEBUG 26349 --- [LibraryApi] [restartedMain] o.s.w.f.ServerHttpObservationFilter      : Filter 'webMvcObservationFilter' configured for use
2025-02-21T09:25:00.085-03:00  INFO 26349 --- [LibraryApi] [restartedMain] o.s.d.j.r.query.QueryEnhancerFactory     : Hibernate is in classpath; If applicable, HQL parser will be used.
2025-02-21T09:25:00.716-03:00  WARN 26349 --- [LibraryApi] [restartedMain] JpaBaseConfiguration$JpaWebConfiguration : spring.jpa.open-in-view is enabled by default. Therefore, database queries may be performed during view rendering. Explicitly configure spring.jpa.open-in-view to disable this warning
2025-02-21T09:25:00.748-03:00  INFO 26349 --- [LibraryApi] [restartedMain] eAuthenticationProviderManagerConfigurer : Global AuthenticationManager configured with AuthenticationProvider bean with name customAuthenticationProvider
2025-02-21T09:25:00.890-03:00 DEBUG 26349 --- [LibraryApi] [restartedMain] s.w.s.m.m.a.RequestMappingHandlerMapping : 21 mappings in 'requestMappingHandlerMapping'
2025-02-21T09:25:00.915-03:00 DEBUG 26349 --- [LibraryApi] [restartedMain] o.s.w.s.handler.SimpleUrlHandlerMapping  : Patterns [/login] in 'viewControllerHandlerMapping'
2025-02-21T09:25:00.985-03:00 DEBUG 26349 --- [LibraryApi] [restartedMain] o.s.w.s.handler.SimpleUrlHandlerMapping  : Patterns [/swagger-ui*/*swagger-initializer.js, /swagger-ui*/**] in 'resourceHandlerMapping'
2025-02-21T09:25:03.759-03:00  WARN 26349 --- [LibraryApi] [restartedMain] o.s.s.c.a.web.builders.WebSecurity       : You are asking Spring Security to ignore Deferred [Mvc [pattern='/v2/api-docs/**'], Ant [pattern='/v2/api-docs/**']]. This is not recommended -- please use permitAll via HttpSecurity#authorizeHttpRequests instead.
2025-02-21T09:25:03.760-03:00  WARN 26349 --- [LibraryApi] [restartedMain] o.s.s.c.a.web.builders.WebSecurity       : You are asking Spring Security to ignore Deferred [Mvc [pattern='/v3/api-docs/**'], Ant [pattern='/v3/api-docs/**']]. This is not recommended -- please use permitAll via HttpSecurity#authorizeHttpRequests instead.
2025-02-21T09:25:03.760-03:00  WARN 26349 --- [LibraryApi] [restartedMain] o.s.s.c.a.web.builders.WebSecurity       : You are asking Spring Security to ignore Deferred [Mvc [pattern='/swagger-resources/**'], Ant [pattern='/swagger-resources/**']]. This is not recommended -- please use permitAll via HttpSecurity#authorizeHttpRequests instead.
2025-02-21T09:25:03.760-03:00  WARN 26349 --- [LibraryApi] [restartedMain] o.s.s.c.a.web.builders.WebSecurity       : You are asking Spring Security to ignore Deferred [Mvc [pattern='swagger-ui.html'], Ant [pattern='swagger-ui.html']]. This is not recommended -- please use permitAll via HttpSecurity#authorizeHttpRequests instead.
2025-02-21T09:25:03.760-03:00  WARN 26349 --- [LibraryApi] [restartedMain] o.s.s.c.a.web.builders.WebSecurity       : You are asking Spring Security to ignore Deferred [Mvc [pattern='swagger-ui/**'], Ant [pattern='swagger-ui/**']]. This is not recommended -- please use permitAll via HttpSecurity#authorizeHttpRequests instead.
2025-02-21T09:25:03.760-03:00  WARN 26349 --- [LibraryApi] [restartedMain] o.s.s.c.a.web.builders.WebSecurity       : You are asking Spring Security to ignore Deferred [Mvc [pattern='/webjars/**'], Ant [pattern='/webjars/**']]. This is not recommended -- please use permitAll via HttpSecurity#authorizeHttpRequests instead.
2025-02-21T09:25:03.760-03:00  WARN 26349 --- [LibraryApi] [restartedMain] o.s.s.c.a.web.builders.WebSecurity       : You are asking Spring Security to ignore Deferred [Mvc [pattern='/actuator/**'], Ant [pattern='/actuator/**']]. This is not recommended -- please use permitAll via HttpSecurity#authorizeHttpRequests instead.
2025-02-21T09:25:03.829-03:00 DEBUG 26349 --- [LibraryApi] [restartedMain] s.w.s.m.m.a.RequestMappingHandlerAdapter : ControllerAdvice beans: 0 @ModelAttribute, 0 @InitBinder, 1 RequestBodyAdvice, 1 ResponseBodyAdvice
2025-02-21T09:25:03.874-03:00 DEBUG 26349 --- [LibraryApi] [restartedMain] .m.m.a.ExceptionHandlerExceptionResolver : ControllerAdvice beans: 2 @ExceptionHandler, 1 ResponseBodyAdvice
2025-02-21T09:25:04.528-03:00  INFO 26349 --- [LibraryApi] [restartedMain] o.s.b.d.a.OptionalLiveReloadServer       : LiveReload server is running on port 35729
2025-02-21T09:25:04.589-03:00  INFO 26349 --- [LibraryApi] [restartedMain] o.s.b.w.embedded.tomcat.TomcatWebServer  : Tomcat started on port 8080 (http) with context path '/'
2025-02-21T09:25:04.664-03:00  INFO 26349 --- [LibraryApi] [restartedMain] o.s.b.w.embedded.tomcat.TomcatWebServer  : Tomcat initialized with port 8090 (http)
2025-02-21T09:25:04.665-03:00  INFO 26349 --- [LibraryApi] [restartedMain] o.apache.catalina.core.StandardService   : Starting service [Tomcat]
2025-02-21T09:25:04.665-03:00  INFO 26349 --- [LibraryApi] [restartedMain] o.apache.catalina.core.StandardEngine    : Starting Servlet engine: [Apache Tomcat/10.1.26]
2025-02-21T09:25:04.673-03:00  INFO 26349 --- [LibraryApi] [restartedMain] o.a.c.c.C.[Tomcat-1].[localhost].[/]     : Initializing Spring embedded WebApplicationContext
2025-02-21T09:25:04.673-03:00  INFO 26349 --- [LibraryApi] [restartedMain] w.s.c.ServletWebServerApplicationContext : Root WebApplicationContext: initialization completed in 80 ms
2025-02-21T09:25:04.686-03:00  INFO 26349 --- [LibraryApi] [restartedMain] o.s.b.a.e.web.EndpointLinksResolver      : Exposing 15 endpoints beneath base path '/actuator'
2025-02-21T09:25:04.705-03:00 DEBUG 26349 --- [LibraryApi] [restartedMain] s.w.s.m.m.a.RequestMappingHandlerMapping : 1 mappings in 'requestMappingHandlerMapping'
2025-02-21T09:25:04.706-03:00 DEBUG 26349 --- [LibraryApi] [restartedMain] o.s.w.s.handler.SimpleUrlHandlerMapping  : Patterns [/login] in 'viewControllerHandlerMapping'
2025-02-21T09:25:04.711-03:00 DEBUG 26349 --- [LibraryApi] [restartedMain] o.s.w.s.handler.SimpleUrlHandlerMapping  : Patterns [/swagger-ui*/*swagger-initializer.js, /swagger-ui*/**] in 'resourceHandlerMapping'
2025-02-21T09:25:04.719-03:00 DEBUG 26349 --- [LibraryApi] [restartedMain] s.w.s.m.m.a.RequestMappingHandlerAdapter : ControllerAdvice beans: 0 @ModelAttribute, 0 @InitBinder, 1 RequestBodyAdvice, 1 ResponseBodyAdvice
2025-02-21T09:25:04.724-03:00  INFO 26349 --- [LibraryApi] [restartedMain] o.s.b.w.embedded.tomcat.TomcatWebServer  : Tomcat started on port 8090 (http) with context path '/'
2025-02-21T09:25:04.744-03:00  INFO 26349 --- [LibraryApi] [restartedMain] i.g.lucasrbsouza.libraryapi.Application  : Started Application in 9.373 seconds (process running for 10.163)
2025-02-21T09:25:05.028-03:00  INFO 26349 --- [LibraryApi] [RMI TCP Connection(4)-127.0.0.1] o.a.c.c.C.[Tomcat].[localhost].[/]       : Initializing Spring DispatcherServlet 'dispatcherServlet'
2025-02-21T09:25:05.028-03:00  INFO 26349 --- [LibraryApi] [RMI TCP Connection(4)-127.0.0.1] o.s.web.servlet.DispatcherServlet        : Initializing Servlet 'dispatcherServlet'
2025-02-21T09:25:05.028-03:00 DEBUG 26349 --- [LibraryApi] [RMI TCP Connection(4)-127.0.0.1] o.s.web.servlet.DispatcherServlet        : Detected StandardServletMultipartResolver
2025-02-21T09:25:05.030-03:00 DEBUG 26349 --- [LibraryApi] [RMI TCP Connection(4)-127.0.0.1] o.s.web.servlet.DispatcherServlet        : Detected AcceptHeaderLocaleResolver
2025-02-21T09:25:05.030-03:00 DEBUG 26349 --- [LibraryApi] [RMI TCP Connection(4)-127.0.0.1] o.s.web.servlet.DispatcherServlet        : Detected FixedThemeResolver
2025-02-21T09:25:05.033-03:00 DEBUG 26349 --- [LibraryApi] [RMI TCP Connection(4)-127.0.0.1] o.s.web.servlet.DispatcherServlet        : Detected org.springframework.web.servlet.view.DefaultRequestToViewNameTranslator@11abfe6b
2025-02-21T09:25:05.034-03:00 DEBUG 26349 --- [LibraryApi] [RMI TCP Connection(4)-127.0.0.1] o.s.web.servlet.DispatcherServlet        : Detected org.springframework.web.servlet.support.SessionFlashMapManager@761e4d9d
2025-02-21T09:25:05.034-03:00 DEBUG 26349 --- [LibraryApi] [RMI TCP Connection(4)-127.0.0.1] o.s.web.servlet.DispatcherServlet        : enableLoggingRequestDetails='false': request parameters and headers will be masked to prevent unsafe logging of potentially sensitive data
2025-02-21T09:25:05.035-03:00  INFO 26349 --- [LibraryApi] [RMI TCP Connection(4)-127.0.0.1] o.s.web.servlet.DispatcherServlet        : Completed initialization in 6 ms
2025-02-21T09:25:20.210-03:00  INFO 26349 --- [LibraryApi] [SpringApplicationShutdownHook] j.LocalContainerEntityManagerFactoryBean : Closing JPA EntityManagerFactory for persistence unit 'default'
2025-02-21T09:25:20.212-03:00  INFO 26349 --- [LibraryApi] [SpringApplicationShutdownHook] com.zaxxer.hikari.HikariDataSource       : library-db-pool - Shutdown initiated...
2025-02-21T09:25:20.216-03:00  INFO 26349 --- [LibraryApi] [SpringApplicationShutdownHook] com.zaxxer.hikari.HikariDataSource       : library-db-pool - Shutdown completed.
